Time resolution is 1 ps




        ----------------------------               
        --                        --       |__||  
        --  OOPS!!                --      / X,X  | 
        --                        --    /_____   | 
        --  Simulation Failed!!   --   /^ ^ ^ \  |
        --                        --  |^ ^ ^ ^ |w| 
        ----------------------------   \m___m__|_|


-------------------------------------------------------------------
*                            PATTERN NO.   0 	                
             answer should be : 5e9bfadc , your answer is : zzzzzzzz           
-------------------------------------------------------------------




        ----------------------------               
        --                        --       |__||  
        --  OOPS!!                --      / X,X  | 
        --                        --    /_____   | 
        --  Simulation Failed!!   --   /^ ^ ^ \  |
        --                        --  |^ ^ ^ ^ |w| 
        ----------------------------   \m___m__|_|


-------------------------------------------------------------------
*                            PATTERN NO.   1 	                
             answer should be : 4398a6d0 , your answer is : zzzzzzzz           
-------------------------------------------------------------------




        ----------------------------               
        --                        --       |__||  
        --  OOPS!!                --      / X,X  | 
        --                        --    /_____   | 
        --  Simulation Failed!!   --   /^ ^ ^ \  |
        --                        --  |^ ^ ^ ^ |w| 
        ----------------------------   \m___m__|_|


-------------------------------------------------------------------
*                            PATTERN NO.   2 	                
             answer should be : df861af6 , your answer is : zzzzzzzz           
-------------------------------------------------------------------




        ----------------------------               
        --                        --       |__||  
        --  OOPS!!                --      / X,X  | 
        --                        --    /_____   | 
        --  Simulation Failed!!   --   /^ ^ ^ \  |
        --                        --  |^ ^ ^ ^ |w| 
        ----------------------------   \m___m__|_|


-------------------------------------------------------------------
*                            PATTERN NO.   3 	                
             answer should be : b14d4d85 , your answer is : zzzzzzzz           
-------------------------------------------------------------------




        ----------------------------               
        --                        --       |__||  
        --  OOPS!!                --      / X,X  | 
        --                        --    /_____   | 
        --  Simulation Failed!!   --   /^ ^ ^ \  |
        --                        --  |^ ^ ^ ^ |w| 
        ----------------------------   \m___m__|_|


-------------------------------------------------------------------
*                            PATTERN NO.   4 	                
             answer should be : 17d81feb , your answer is : zzzzzzzz           
-------------------------------------------------------------------




        ----------------------------               
        --                        --       |__||  
        --  OOPS!!                --      / X,X  | 
        --                        --    /_____   | 
        --  Simulation Failed!!   --   /^ ^ ^ \  |
        --                        --  |^ ^ ^ ^ |w| 
        ----------------------------   \m___m__|_|


-------------------------------------------------------------------
*                            PATTERN NO.   5 	                
             answer should be : 9ae56443 , your answer is : zzzzzzzz           
-------------------------------------------------------------------




        ----------------------------               
        --                        --       |__||  
        --  OOPS!!                --      / X,X  | 
        --                        --    /_____   | 
        --  Simulation Failed!!   --   /^ ^ ^ \  |
        --                        --  |^ ^ ^ ^ |w| 
        ----------------------------   \m___m__|_|


-------------------------------------------------------------------
*                            PATTERN NO.   6 	                
             answer should be : 370c62be , your answer is : zzzzzzzz           
-------------------------------------------------------------------




        ----------------------------               
        --                        --       |__||  
        --  OOPS!!                --      / X,X  | 
        --                        --    /_____   | 
        --  Simulation Failed!!   --   /^ ^ ^ \  |
        --                        --  |^ ^ ^ ^ |w| 
        ----------------------------   \m___m__|_|


-------------------------------------------------------------------
*                            PATTERN NO.   7 	                
             answer should be : caee52d3 , your answer is : zzzzzzzz           
-------------------------------------------------------------------




        ----------------------------               
        --                        --       |__||  
        --  OOPS!!                --      / X,X  | 
        --                        --    /_____   | 
        --  Simulation Failed!!   --   /^ ^ ^ \  |
        --                        --  |^ ^ ^ ^ |w| 
        ----------------------------   \m___m__|_|


-------------------------------------------------------------------
*                            PATTERN NO.   8 	                
             answer should be : 4b4ab47f , your answer is : zzzzzzzz           
-------------------------------------------------------------------




        ----------------------------               
        --                        --       |__||  
        --  OOPS!!                --      / X,X  | 
        --                        --    /_____   | 
        --  Simulation Failed!!   --   /^ ^ ^ \  |
        --                        --  |^ ^ ^ ^ |w| 
        ----------------------------   \m___m__|_|


-------------------------------------------------------------------
*                            PATTERN NO.   9 	                
             answer should be : 680dbe26 , your answer is : zzzzzzzz           
-------------------------------------------------------------------




        ----------------------------               
        --                        --       |__||  
        --  OOPS!!                --      / X,X  | 
        --                        --    /_____   | 
        --  Simulation Failed!!   --   /^ ^ ^ \  |
        --                        --  |^ ^ ^ ^ |w| 
        ----------------------------   \m___m__|_|


-------------------------------------------------------------------
*                            PATTERN NO.  10 	                
             answer should be : 4cde4ef7 , your answer is : zzzzzzzz           
-------------------------------------------------------------------




        ----------------------------               
        --                        --       |__||  
        --  OOPS!!                --      / X,X  | 
        --                        --    /_____   | 
        --  Simulation Failed!!   --   /^ ^ ^ \  |
        --                        --  |^ ^ ^ ^ |w| 
        ----------------------------   \m___m__|_|


-------------------------------------------------------------------
*                            PATTERN NO.  11 	                
             answer should be : 658b5b83 , your answer is : zzzzzzzz           
-------------------------------------------------------------------




        ----------------------------               
        --                        --       |__||  
        --  OOPS!!                --      / X,X  | 
        --                        --    /_____   | 
        --  Simulation Failed!!   --   /^ ^ ^ \  |
        --                        --  |^ ^ ^ ^ |w| 
        ----------------------------   \m___m__|_|


-------------------------------------------------------------------
*                            PATTERN NO.  12 	                
             answer should be : fc7ab6f0 , your answer is : zzzzzzzz           
-------------------------------------------------------------------




        ----------------------------               
        --                        --       |__||  
        --  OOPS!!                --      / X,X  | 
        --                        --    /_____   | 
        --  Simulation Failed!!   --   /^ ^ ^ \  |
        --                        --  |^ ^ ^ ^ |w| 
        ----------------------------   \m___m__|_|


-------------------------------------------------------------------
*                            PATTERN NO.  13 	                
             answer should be : 9d74bedb , your answer is : zzzzzzzz           
-------------------------------------------------------------------




        ----------------------------               
        --                        --       |__||  
        --  OOPS!!                --      / X,X  | 
        --                        --    /_____   | 
        --  Simulation Failed!!   --   /^ ^ ^ \  |
        --                        --  |^ ^ ^ ^ |w| 
        ----------------------------   \m___m__|_|


-------------------------------------------------------------------
*                            PATTERN NO.  14 	                
             answer should be : f30ee13d , your answer is : zzzzzzzz           
-------------------------------------------------------------------




        ----------------------------               
        --                        --       |__||  
        --  OOPS!!                --      / X,X  | 
        --                        --    /_____   | 
        --  Simulation Failed!!   --   /^ ^ ^ \  |
        --                        --  |^ ^ ^ ^ |w| 
        ----------------------------   \m___m__|_|


-------------------------------------------------------------------
*                            PATTERN NO.  15 	                
             answer should be : 8a3b52da , your answer is : zzzzzzzz           
-------------------------------------------------------------------




        ----------------------------               
        --                        --       |__||  
        --  OOPS!!                --      / X,X  | 
        --                        --    /_____   | 
        --  Simulation Failed!!   --   /^ ^ ^ \  |
        --                        --  |^ ^ ^ ^ |w| 
        ----------------------------   \m___m__|_|


-------------------------------------------------------------------
*                            PATTERN NO.  16 	                
             answer should be : 77879321 , your answer is : zzzzzzzz           
-------------------------------------------------------------------




        ----------------------------               
        --                        --       |__||  
        --  OOPS!!                --      / X,X  | 
        --                        --    /_____   | 
        --  Simulation Failed!!   --   /^ ^ ^ \  |
        --                        --  |^ ^ ^ ^ |w| 
        ----------------------------   \m___m__|_|


-------------------------------------------------------------------
*                            PATTERN NO.  17 	                
             answer should be : dabafb7b , your answer is : zzzzzzzz           
-------------------------------------------------------------------




        ----------------------------               
        --                        --       |__||  
        --  OOPS!!                --      / X,X  | 
        --                        --    /_____   | 
        --  Simulation Failed!!   --   /^ ^ ^ \  |
        --                        --  |^ ^ ^ ^ |w| 
        ----------------------------   \m___m__|_|


-------------------------------------------------------------------
*                            PATTERN NO.  18 	                
             answer should be : a8b30095 , your answer is : zzzzzzzz           
-------------------------------------------------------------------




        ----------------------------               
        --                        --       |__||  
        --  OOPS!!                --      / X,X  | 
        --                        --    /_____   | 
        --  Simulation Failed!!   --   /^ ^ ^ \  |
        --                        --  |^ ^ ^ ^ |w| 
        ----------------------------   \m___m__|_|


-------------------------------------------------------------------
*                            PATTERN NO.  19 	                
             answer should be : 79265f20 , your answer is : zzzzzzzz           
-------------------------------------------------------------------




        ----------------------------               
        --                        --       |__||  
        --  OOPS!!                --      / X,X  | 
        --                        --    /_____   | 
        --  Simulation Failed!!   --   /^ ^ ^ \  |
        --                        --  |^ ^ ^ ^ |w| 
        ----------------------------   \m___m__|_|


-------------------------------------------------------------------
*                            PATTERN NO.  20 	                
             answer should be : bb3e5196 , your answer is : zzzzzzzz           
-------------------------------------------------------------------




        ----------------------------               
        --                        --       |__||  
        --  OOPS!!                --      / X,X  | 
        --                        --    /_____   | 
        --  Simulation Failed!!   --   /^ ^ ^ \  |
        --                        --  |^ ^ ^ ^ |w| 
        ----------------------------   \m___m__|_|


-------------------------------------------------------------------
*                            PATTERN NO.  21 	                
             answer should be : 8c19931e , your answer is : zzzzzzzz           
-------------------------------------------------------------------




        ----------------------------               
        --                        --       |__||  
        --  OOPS!!                --      / X,X  | 
        --                        --    /_____   | 
        --  Simulation Failed!!   --   /^ ^ ^ \  |
        --                        --  |^ ^ ^ ^ |w| 
        ----------------------------   \m___m__|_|


-------------------------------------------------------------------
*                            PATTERN NO.  22 	                
             answer should be : 6ef5adc5 , your answer is : zzzzzzzz           
-------------------------------------------------------------------




        ----------------------------               
        --                        --       |__||  
        --  OOPS!!                --      / X,X  | 
        --                        --    /_____   | 
        --  Simulation Failed!!   --   /^ ^ ^ \  |
        --                        --  |^ ^ ^ ^ |w| 
        ----------------------------   \m___m__|_|


-------------------------------------------------------------------
*                            PATTERN NO.  23 	                
             answer should be : 8a9a5743 , your answer is : zzzzzzzz           
-------------------------------------------------------------------




        ----------------------------               
        --                        --       |__||  
        --  OOPS!!                --      / X,X  | 
        --                        --    /_____   | 
        --  Simulation Failed!!   --   /^ ^ ^ \  |
        --                        --  |^ ^ ^ ^ |w| 
        ----------------------------   \m___m__|_|


-------------------------------------------------------------------
*                            PATTERN NO.  24 	                
             answer should be : ba4c9c15 , your answer is : zzzzzzzz           
-------------------------------------------------------------------




        ----------------------------               
        --                        --       |__||  
        --  OOPS!!                --      / X,X  | 
        --                        --    /_____   | 
        --  Simulation Failed!!   --   /^ ^ ^ \  |
        --                        --  |^ ^ ^ ^ |w| 
        ----------------------------   \m___m__|_|


-------------------------------------------------------------------
*                            PATTERN NO.  25 	                
             answer should be : b01ca69a , your answer is : zzzzzzzz           
-------------------------------------------------------------------




        ----------------------------               
        --                        --       |__||  
        --  OOPS!!                --      / X,X  | 
        --                        --    /_____   | 
        --  Simulation Failed!!   --   /^ ^ ^ \  |
        --                        --  |^ ^ ^ ^ |w| 
        ----------------------------   \m___m__|_|


-------------------------------------------------------------------
*                            PATTERN NO.  26 	                
             answer should be : 828052c2 , your answer is : zzzzzzzz           
-------------------------------------------------------------------




        ----------------------------               
        --                        --       |__||  
        --  OOPS!!                --      / X,X  | 
        --                        --    /_____   | 
        --  Simulation Failed!!   --   /^ ^ ^ \  |
        --                        --  |^ ^ ^ ^ |w| 
        ----------------------------   \m___m__|_|


-------------------------------------------------------------------
*                            PATTERN NO.  27 	                
             answer should be : fbc35065 , your answer is : zzzzzzzz           
-------------------------------------------------------------------




        ----------------------------               
        --                        --       |__||  
        --  OOPS!!                --      / X,X  | 
        --                        --    /_____   | 
        --  Simulation Failed!!   --   /^ ^ ^ \  |
        --                        --  |^ ^ ^ ^ |w| 
        ----------------------------   \m___m__|_|


-------------------------------------------------------------------
*                            PATTERN NO.  28 	                
             answer should be : 97a164f5 , your answer is : zzzzzzzz           
-------------------------------------------------------------------




        ----------------------------               
        --                        --       |__||  
        --  OOPS!!                --      / X,X  | 
        --                        --    /_____   | 
        --  Simulation Failed!!   --   /^ ^ ^ \  |
        --                        --  |^ ^ ^ ^ |w| 
        ----------------------------   \m___m__|_|


-------------------------------------------------------------------
*                            PATTERN NO.  29 	                
             answer should be : ac9ddf64 , your answer is : zzzzzzzz           
-------------------------------------------------------------------




        ----------------------------               
        --                        --       |__||  
        --  OOPS!!                --      / X,X  | 
        --                        --    /_____   | 
        --  Simulation Failed!!   --   /^ ^ ^ \  |
        --                        --  |^ ^ ^ ^ |w| 
        ----------------------------   \m___m__|_|


-------------------------------------------------------------------
*                            PATTERN NO.  30 	                
             answer should be : 3ad7fcb5 , your answer is : zzzzzzzz           
-------------------------------------------------------------------




        ----------------------------               
        --                        --       |__||  
        --  OOPS!!                --      / X,X  | 
        --                        --    /_____   | 
        --  Simulation Failed!!   --   /^ ^ ^ \  |
        --                        --  |^ ^ ^ ^ |w| 
        ----------------------------   \m___m__|_|


-------------------------------------------------------------------
*                            PATTERN NO.  31 	                
             answer should be : ed088130 , your answer is : zzzzzzzz           
-------------------------------------------------------------------




        ----------------------------               
        --                        --       |__||  
        --  OOPS!!                --      / X,X  | 
        --                        --    /_____   | 
        --  Simulation Failed!!   --   /^ ^ ^ \  |
        --                        --  |^ ^ ^ ^ |w| 
        ----------------------------   \m___m__|_|


-------------------------------------------------------------------
*                            PATTERN NO.  32 	                
             answer should be : a1002c04 , your answer is : zzzzzzzz           
-------------------------------------------------------------------




        ----------------------------               
        --                        --       |__||  
        --  OOPS!!                --      / X,X  | 
        --                        --    /_____   | 
        --  Simulation Failed!!   --   /^ ^ ^ \  |
        --                        --  |^ ^ ^ ^ |w| 
        ----------------------------   \m___m__|_|


-------------------------------------------------------------------
*                            PATTERN NO.  33 	                
             answer should be : 7d23ee9a , your answer is : zzzzzzzz           
-------------------------------------------------------------------




        ----------------------------               
        --                        --       |__||  
        --  OOPS!!                --      / X,X  | 
        --                        --    /_____   | 
        --  Simulation Failed!!   --   /^ ^ ^ \  |
        --                        --  |^ ^ ^ ^ |w| 
        ----------------------------   \m___m__|_|


-------------------------------------------------------------------
*                            PATTERN NO.  34 	                
             answer should be : 53fcabb7 , your answer is : zzzzzzzz           
-------------------------------------------------------------------




        ----------------------------               
        --                        --       |__||  
        --  OOPS!!                --      / X,X  | 
        --                        --    /_____   | 
        --  Simulation Failed!!   --   /^ ^ ^ \  |
        --                        --  |^ ^ ^ ^ |w| 
        ----------------------------   \m___m__|_|


-------------------------------------------------------------------
*                            PATTERN NO.  35 	                
             answer should be : f80500d7 , your answer is : zzzzzzzz           
-------------------------------------------------------------------




        ----------------------------               
        --                        --       |__||  
        --  OOPS!!                --      / X,X  | 
        --                        --    /_____   | 
        --  Simulation Failed!!   --   /^ ^ ^ \  |
        --                        --  |^ ^ ^ ^ |w| 
        ----------------------------   \m___m__|_|


-------------------------------------------------------------------
*                            PATTERN NO.  36 	                
             answer should be : f82132f1 , your answer is : zzzzzzzz           
-------------------------------------------------------------------




        ----------------------------               
        --                        --       |__||  
        --  OOPS!!                --      / X,X  | 
        --                        --    /_____   | 
        --  Simulation Failed!!   --   /^ ^ ^ \  |
        --                        --  |^ ^ ^ ^ |w| 
        ----------------------------   \m___m__|_|


-------------------------------------------------------------------
*                            PATTERN NO.  37 	                
             answer should be : edb7799a , your answer is : zzzzzzzz           
-------------------------------------------------------------------




        ----------------------------               
        --                        --       |__||  
        --  OOPS!!                --      / X,X  | 
        --                        --    /_____   | 
        --  Simulation Failed!!   --   /^ ^ ^ \  |
        --                        --  |^ ^ ^ ^ |w| 
        ----------------------------   \m___m__|_|


-------------------------------------------------------------------
*                            PATTERN NO.  38 	                
             answer should be : fea2ac3b , your answer is : zzzzzzzz           
-------------------------------------------------------------------




        ----------------------------               
        --                        --       |__||  
        --  OOPS!!                --      / X,X  | 
        --                        --    /_____   | 
        --  Simulation Failed!!   --   /^ ^ ^ \  |
        --                        --  |^ ^ ^ ^ |w| 
        ----------------------------   \m___m__|_|


-------------------------------------------------------------------
*                            PATTERN NO.  39 	                
             answer should be : 6dea366f , your answer is : zzzzzzzz           
-------------------------------------------------------------------




        ----------------------------               
        --                        --       |__||  
        --  OOPS!!                --      / X,X  | 
        --                        --    /_____   | 
        --  Simulation Failed!!   --   /^ ^ ^ \  |
        --                        --  |^ ^ ^ ^ |w| 
        ----------------------------   \m___m__|_|


-------------------------------------------------------------------
*                            PATTERN NO.  40 	                
             answer should be : 5424cebb , your answer is : zzzzzzzz           
-------------------------------------------------------------------




        ----------------------------               
        --                        --       |__||  
        --  OOPS!!                --      / X,X  | 
        --                        --    /_____   | 
        --  Simulation Failed!!   --   /^ ^ ^ \  |
        --                        --  |^ ^ ^ ^ |w| 
        ----------------------------   \m___m__|_|


-------------------------------------------------------------------
*                            PATTERN NO.  41 	                
             answer should be : 26b145d6 , your answer is : zzzzzzzz           
-------------------------------------------------------------------




        ----------------------------               
        --                        --       |__||  
        --  OOPS!!                --      / X,X  | 
        --                        --    /_____   | 
        --  Simulation Failed!!   --   /^ ^ ^ \  |
        --                        --  |^ ^ ^ ^ |w| 
        ----------------------------   \m___m__|_|


-------------------------------------------------------------------
*                            PATTERN NO.  42 	                
             answer should be : 8ce726c4 , your answer is : zzzzzzzz           
-------------------------------------------------------------------




        ----------------------------               
        --                        --       |__||  
        --  OOPS!!                --      / X,X  | 
        --                        --    /_____   | 
        --  Simulation Failed!!   --   /^ ^ ^ \  |
        --                        --  |^ ^ ^ ^ |w| 
        ----------------------------   \m___m__|_|


-------------------------------------------------------------------
*                            PATTERN NO.  43 	                
             answer should be : 074f06f5 , your answer is : zzzzzzzz           
-------------------------------------------------------------------




        ----------------------------               
        --                        --       |__||  
        --  OOPS!!                --      / X,X  | 
        --                        --    /_____   | 
        --  Simulation Failed!!   --   /^ ^ ^ \  |
        --                        --  |^ ^ ^ ^ |w| 
        ----------------------------   \m___m__|_|


-------------------------------------------------------------------
*                            PATTERN NO.  44 	                
             answer should be : 3e5bfa7a , your answer is : zzzzzzzz           
-------------------------------------------------------------------




        ----------------------------               
        --                        --       |__||  
        --  OOPS!!                --      / X,X  | 
        --                        --    /_____   | 
        --  Simulation Failed!!   --   /^ ^ ^ \  |
        --                        --  |^ ^ ^ ^ |w| 
        ----------------------------   \m___m__|_|


-------------------------------------------------------------------
*                            PATTERN NO.  45 	                
             answer should be : 02083aad , your answer is : zzzzzzzz           
-------------------------------------------------------------------




        ----------------------------               
        --                        --       |__||  
        --  OOPS!!                --      / X,X  | 
        --                        --    /_____   | 
        --  Simulation Failed!!   --   /^ ^ ^ \  |
        --                        --  |^ ^ ^ ^ |w| 
        ----------------------------   \m___m__|_|


-------------------------------------------------------------------
*                            PATTERN NO.  46 	                
             answer should be : 88465080 , your answer is : zzzzzzzz           
-------------------------------------------------------------------




        ----------------------------               
        --                        --       |__||  
        --  OOPS!!                --      / X,X  | 
        --                        --    /_____   | 
        --  Simulation Failed!!   --   /^ ^ ^ \  |
        --                        --  |^ ^ ^ ^ |w| 
        ----------------------------   \m___m__|_|


-------------------------------------------------------------------
*                            PATTERN NO.  47 	                
             answer should be : 99deb316 , your answer is : zzzzzzzz           
-------------------------------------------------------------------




        ----------------------------               
        --                        --       |__||  
        --  OOPS!!                --      / X,X  | 
        --                        --    /_____   | 
        --  Simulation Failed!!   --   /^ ^ ^ \  |
        --                        --  |^ ^ ^ ^ |w| 
        ----------------------------   \m___m__|_|


-------------------------------------------------------------------
*                            PATTERN NO.  48 	                
             answer should be : f51b974a , your answer is : zzzzzzzz           
-------------------------------------------------------------------




        ----------------------------               
        --                        --       |__||  
        --  OOPS!!                --      / X,X  | 
        --                        --    /_____   | 
        --  Simulation Failed!!   --   /^ ^ ^ \  |
        --                        --  |^ ^ ^ ^ |w| 
        ----------------------------   \m___m__|_|


-------------------------------------------------------------------
*                            PATTERN NO.  49 	                
             answer should be : 5ef82469 , your answer is : zzzzzzzz           
-------------------------------------------------------------------




        ----------------------------               
        --                        --       |__||  
        --  OOPS!!                --      / X,X  | 
        --                        --    /_____   | 
        --  Simulation Failed!!   --   /^ ^ ^ \  |
        --                        --  |^ ^ ^ ^ |w| 
        ----------------------------   \m___m__|_|


-------------------------------------------------------------------
*                            PATTERN NO.  50 	                
             answer should be : dc42eaec , your answer is : zzzzzzzz           
-------------------------------------------------------------------




        ----------------------------               
        --                        --       |__||  
        --  OOPS!!                --      / X,X  | 
        --                        --    /_____   | 
        --  Simulation Failed!!   --   /^ ^ ^ \  |
        --                        --  |^ ^ ^ ^ |w| 
        ----------------------------   \m___m__|_|


-------------------------------------------------------------------
*                            PATTERN NO.  51 	                
             answer should be : ed16e6b9 , your answer is : zzzzzzzz           
-------------------------------------------------------------------




        ----------------------------               
        --                        --       |__||  
        --  OOPS!!                --      / X,X  | 
        --                        --    /_____   | 
        --  Simulation Failed!!   --   /^ ^ ^ \  |
        --                        --  |^ ^ ^ ^ |w| 
        ----------------------------   \m___m__|_|


-------------------------------------------------------------------
*                            PATTERN NO.  52 	                
             answer should be : 2926f05c , your answer is : zzzzzzzz           
-------------------------------------------------------------------




        ----------------------------               
        --                        --       |__||  
        --  OOPS!!                --      / X,X  | 
        --                        --    /_____   | 
        --  Simulation Failed!!   --   /^ ^ ^ \  |
        --                        --  |^ ^ ^ ^ |w| 
        ----------------------------   \m___m__|_|


-------------------------------------------------------------------
*                            PATTERN NO.  53 	                
             answer should be : ac1c3b04 , your answer is : zzzzzzzz           
-------------------------------------------------------------------




        ----------------------------               
        --                        --       |__||  
        --  OOPS!!                --      / X,X  | 
        --                        --    /_____   | 
        --  Simulation Failed!!   --   /^ ^ ^ \  |
        --                        --  |^ ^ ^ ^ |w| 
        ----------------------------   \m___m__|_|


-------------------------------------------------------------------
*                            PATTERN NO.  54 	                
             answer should be : cba07543 , your answer is : zzzzzzzz           
-------------------------------------------------------------------




        ----------------------------               
        --                        --       |__||  
        --  OOPS!!                --      / X,X  | 
        --                        --    /_____   | 
        --  Simulation Failed!!   --   /^ ^ ^ \  |
        --                        --  |^ ^ ^ ^ |w| 
        ----------------------------   \m___m__|_|


-------------------------------------------------------------------
*                            PATTERN NO.  55 	                
             answer should be : aaa811cf , your answer is : zzzzzzzz           
-------------------------------------------------------------------




        ----------------------------               
        --                        --       |__||  
        --  OOPS!!                --      / X,X  | 
        --                        --    /_____   | 
        --  Simulation Failed!!   --   /^ ^ ^ \  |
        --                        --  |^ ^ ^ ^ |w| 
        ----------------------------   \m___m__|_|


-------------------------------------------------------------------
*                            PATTERN NO.  56 	                
             answer should be : 0c33b6ad , your answer is : zzzzzzzz           
-------------------------------------------------------------------




        ----------------------------               
        --                        --       |__||  
        --  OOPS!!                --      / X,X  | 
        --                        --    /_____   | 
        --  Simulation Failed!!   --   /^ ^ ^ \  |
        --                        --  |^ ^ ^ ^ |w| 
        ----------------------------   \m___m__|_|


-------------------------------------------------------------------
*                            PATTERN NO.  57 	                
             answer should be : 806d02f6 , your answer is : zzzzzzzz           
-------------------------------------------------------------------




        ----------------------------               
        --                        --       |__||  
        --  OOPS!!                --      / X,X  | 
        --                        --    /_____   | 
        --  Simulation Failed!!   --   /^ ^ ^ \  |
        --                        --  |^ ^ ^ ^ |w| 
        ----------------------------   \m___m__|_|


-------------------------------------------------------------------
*                            PATTERN NO.  58 	                
             answer should be : 1bc58f45 , your answer is : zzzzzzzz           
-------------------------------------------------------------------




        ----------------------------               
        --                        --       |__||  
        --  OOPS!!                --      / X,X  | 
        --                        --    /_____   | 
        --  Simulation Failed!!   --   /^ ^ ^ \  |
        --                        --  |^ ^ ^ ^ |w| 
        ----------------------------   \m___m__|_|


-------------------------------------------------------------------
*                            PATTERN NO.  59 	                
             answer should be : b73f637e , your answer is : zzzzzzzz           
-------------------------------------------------------------------




        ----------------------------               
        --                        --       |__||  
        --  OOPS!!                --      / X,X  | 
        --                        --    /_____   | 
        --  Simulation Failed!!   --   /^ ^ ^ \  |
        --                        --  |^ ^ ^ ^ |w| 
        ----------------------------   \m___m__|_|


-------------------------------------------------------------------
*                            PATTERN NO.  60 	                
             answer should be : faa1ea3d , your answer is : zzzzzzzz           
-------------------------------------------------------------------




        ----------------------------               
        --                        --       |__||  
        --  OOPS!!                --      / X,X  | 
        --                        --    /_____   | 
        --  Simulation Failed!!   --   /^ ^ ^ \  |
        --                        --  |^ ^ ^ ^ |w| 
        ----------------------------   \m___m__|_|


-------------------------------------------------------------------
*                            PATTERN NO.  61 	                
             answer should be : cdda6f0b , your answer is : zzzzzzzz           
-------------------------------------------------------------------




        ----------------------------               
        --                        --       |__||  
        --  OOPS!!                --      / X,X  | 
        --                        --    /_____   | 
        --  Simulation Failed!!   --   /^ ^ ^ \  |
        --                        --  |^ ^ ^ ^ |w| 
        ----------------------------   \m___m__|_|


-------------------------------------------------------------------
*                            PATTERN NO.  62 	                
             answer should be : 4f394e25 , your answer is : zzzzzzzz           
-------------------------------------------------------------------




        ----------------------------               
        --                        --       |__||  
        --  OOPS!!                --      / X,X  | 
        --                        --    /_____   | 
        --  Simulation Failed!!   --   /^ ^ ^ \  |
        --                        --  |^ ^ ^ ^ |w| 
        ----------------------------   \m___m__|_|


-------------------------------------------------------------------
*                            PATTERN NO.  63 	                
             answer should be : 2f83ad0b , your answer is : zzzzzzzz           
-------------------------------------------------------------------




        ----------------------------               
        --                        --       |__||  
        --  OOPS!!                --      / X,X  | 
        --                        --    /_____   | 
        --  Simulation Failed!!   --   /^ ^ ^ \  |
        --                        --  |^ ^ ^ ^ |w| 
        ----------------------------   \m___m__|_|


-------------------------------------------------------------------
*                            PATTERN NO.  64 	                
             answer should be : 66bc398d , your answer is : zzzzzzzz           
-------------------------------------------------------------------




        ----------------------------               
        --                        --       |__||  
        --  OOPS!!                --      / X,X  | 
        --                        --    /_____   | 
        --  Simulation Failed!!   --   /^ ^ ^ \  |
        --                        --  |^ ^ ^ ^ |w| 
        ----------------------------   \m___m__|_|


-------------------------------------------------------------------
*                            PATTERN NO.  65 	                
             answer should be : 10634c85 , your answer is : zzzzzzzz           
-------------------------------------------------------------------




        ----------------------------               
        --                        --       |__||  
        --  OOPS!!                --      / X,X  | 
        --                        --    /_____   | 
        --  Simulation Failed!!   --   /^ ^ ^ \  |
        --                        --  |^ ^ ^ ^ |w| 
        ----------------------------   \m___m__|_|


-------------------------------------------------------------------
*                            PATTERN NO.  66 	                
             answer should be : a7bb8fd6 , your answer is : zzzzzzzz           
-------------------------------------------------------------------




        ----------------------------               
        --                        --       |__||  
        --  OOPS!!                --      / X,X  | 
        --                        --    /_____   | 
        --  Simulation Failed!!   --   /^ ^ ^ \  |
        --                        --  |^ ^ ^ ^ |w| 
        ----------------------------   \m___m__|_|


-------------------------------------------------------------------
*                            PATTERN NO.  67 	                
             answer should be : cfb471f9 , your answer is : zzzzzzzz           
-------------------------------------------------------------------




        ----------------------------               
        --                        --       |__||  
        --  OOPS!!                --      / X,X  | 
        --                        --    /_____   | 
        --  Simulation Failed!!   --   /^ ^ ^ \  |
        --                        --  |^ ^ ^ ^ |w| 
        ----------------------------   \m___m__|_|


-------------------------------------------------------------------
*                            PATTERN NO.  68 	                
             answer should be : 9d2cf5a4 , your answer is : zzzzzzzz           
-------------------------------------------------------------------




        ----------------------------               
        --                        --       |__||  
        --  OOPS!!                --      / X,X  | 
        --                        --    /_____   | 
        --  Simulation Failed!!   --   /^ ^ ^ \  |
        --                        --  |^ ^ ^ ^ |w| 
        ----------------------------   \m___m__|_|


-------------------------------------------------------------------
*                            PATTERN NO.  69 	                
             answer should be : 278cd431 , your answer is : zzzzzzzz           
-------------------------------------------------------------------




        ----------------------------               
        --                        --       |__||  
        --  OOPS!!                --      / X,X  | 
        --                        --    /_____   | 
        --  Simulation Failed!!   --   /^ ^ ^ \  |
        --                        --  |^ ^ ^ ^ |w| 
        ----------------------------   \m___m__|_|


-------------------------------------------------------------------
*                            PATTERN NO.  70 	                
             answer should be : 49a362f2 , your answer is : zzzzzzzz           
-------------------------------------------------------------------




        ----------------------------               
        --                        --       |__||  
        --  OOPS!!                --      / X,X  | 
        --                        --    /_____   | 
        --  Simulation Failed!!   --   /^ ^ ^ \  |
        --                        --  |^ ^ ^ ^ |w| 
        ----------------------------   \m___m__|_|


-------------------------------------------------------------------
*                            PATTERN NO.  71 	                
             answer should be : 51db8e14 , your answer is : zzzzzzzz           
-------------------------------------------------------------------




        ----------------------------               
        --                        --       |__||  
        --  OOPS!!                --      / X,X  | 
        --                        --    /_____   | 
        --  Simulation Failed!!   --   /^ ^ ^ \  |
        --                        --  |^ ^ ^ ^ |w| 
        ----------------------------   \m___m__|_|


-------------------------------------------------------------------
*                            PATTERN NO.  72 	                
             answer should be : 0e0b6d5d , your answer is : zzzzzzzz           
-------------------------------------------------------------------




        ----------------------------               
        --                        --       |__||  
        --  OOPS!!                --      / X,X  | 
        --                        --    /_____   | 
        --  Simulation Failed!!   --   /^ ^ ^ \  |
        --                        --  |^ ^ ^ ^ |w| 
        ----------------------------   \m___m__|_|


-------------------------------------------------------------------
*                            PATTERN NO.  73 	                
             answer should be : cd2304ea , your answer is : zzzzzzzz           
-------------------------------------------------------------------




        ----------------------------               
        --                        --       |__||  
        --  OOPS!!                --      / X,X  | 
        --                        --    /_____   | 
        --  Simulation Failed!!   --   /^ ^ ^ \  |
        --                        --  |^ ^ ^ ^ |w| 
        ----------------------------   \m___m__|_|


-------------------------------------------------------------------
*                            PATTERN NO.  74 	                
             answer should be : 2f3aa04b , your answer is : zzzzzzzz           
-------------------------------------------------------------------




        ----------------------------               
        --                        --       |__||  
        --  OOPS!!                --      / X,X  | 
        --                        --    /_____   | 
        --  Simulation Failed!!   --   /^ ^ ^ \  |
        --                        --  |^ ^ ^ ^ |w| 
        ----------------------------   \m___m__|_|


-------------------------------------------------------------------
*                            PATTERN NO.  75 	                
             answer should be : 2eb8870d , your answer is : zzzzzzzz           
-------------------------------------------------------------------




        ----------------------------               
        --                        --       |__||  
        --  OOPS!!                --      / X,X  | 
        --                        --    /_____   | 
        --  Simulation Failed!!   --   /^ ^ ^ \  |
        --                        --  |^ ^ ^ ^ |w| 
        ----------------------------   \m___m__|_|


-------------------------------------------------------------------
*                            PATTERN NO.  76 	                
             answer should be : 1908146b , your answer is : zzzzzzzz           
-------------------------------------------------------------------




        ----------------------------               
        --                        --       |__||  
        --  OOPS!!                --      / X,X  | 
        --                        --    /_____   | 
        --  Simulation Failed!!   --   /^ ^ ^ \  |
        --                        --  |^ ^ ^ ^ |w| 
        ----------------------------   \m___m__|_|


-------------------------------------------------------------------
*                            PATTERN NO.  77 	                
             answer should be : def28d53 , your answer is : zzzzzzzz           
-------------------------------------------------------------------




        ----------------------------               
        --                        --       |__||  
        --  OOPS!!                --      / X,X  | 
        --                        --    /_____   | 
        --  Simulation Failed!!   --   /^ ^ ^ \  |
        --                        --  |^ ^ ^ ^ |w| 
        ----------------------------   \m___m__|_|


-------------------------------------------------------------------
*                            PATTERN NO.  78 	                
             answer should be : 05da0317 , your answer is : zzzzzzzz           
-------------------------------------------------------------------




        ----------------------------               
        --                        --       |__||  
        --  OOPS!!                --      / X,X  | 
        --                        --    /_____   | 
        --  Simulation Failed!!   --   /^ ^ ^ \  |
        --                        --  |^ ^ ^ ^ |w| 
        ----------------------------   \m___m__|_|


-------------------------------------------------------------------
*                            PATTERN NO.  79 	                
             answer should be : 5b9b6db1 , your answer is : zzzzzzzz           
-------------------------------------------------------------------




        ----------------------------               
        --                        --       |__||  
        --  OOPS!!                --      / X,X  | 
        --                        --    /_____   | 
        --  Simulation Failed!!   --   /^ ^ ^ \  |
        --                        --  |^ ^ ^ ^ |w| 
        ----------------------------   \m___m__|_|


-------------------------------------------------------------------
*                            PATTERN NO.  80 	                
             answer should be : 07e6947d , your answer is : zzzzzzzz           
-------------------------------------------------------------------




        ----------------------------               
        --                        --       |__||  
        --  OOPS!!                --      / X,X  | 
        --                        --    /_____   | 
        --  Simulation Failed!!   --   /^ ^ ^ \  |
        --                        --  |^ ^ ^ ^ |w| 
        ----------------------------   \m___m__|_|


-------------------------------------------------------------------
*                            PATTERN NO.  81 	                
             answer should be : a50f02f4 , your answer is : zzzzzzzz           
-------------------------------------------------------------------




        ----------------------------               
        --                        --       |__||  
        --  OOPS!!                --      / X,X  | 
        --                        --    /_____   | 
        --  Simulation Failed!!   --   /^ ^ ^ \  |
        --                        --  |^ ^ ^ ^ |w| 
        ----------------------------   \m___m__|_|


-------------------------------------------------------------------
*                            PATTERN NO.  82 	                
             answer should be : b6eb6b89 , your answer is : zzzzzzzz           
-------------------------------------------------------------------




        ----------------------------               
        --                        --       |__||  
        --  OOPS!!                --      / X,X  | 
        --                        --    /_____   | 
        --  Simulation Failed!!   --   /^ ^ ^ \  |
        --                        --  |^ ^ ^ ^ |w| 
        ----------------------------   \m___m__|_|


-------------------------------------------------------------------
*                            PATTERN NO.  83 	                
             answer should be : 9c4d6980 , your answer is : zzzzzzzz           
-------------------------------------------------------------------




        ----------------------------               
        --                        --       |__||  
        --  OOPS!!                --      / X,X  | 
        --                        --    /_____   | 
        --  Simulation Failed!!   --   /^ ^ ^ \  |
        --                        --  |^ ^ ^ ^ |w| 
        ----------------------------   \m___m__|_|


-------------------------------------------------------------------
*                            PATTERN NO.  84 	                
             answer should be : df776ae6 , your answer is : zzzzzzzz           
-------------------------------------------------------------------




        ----------------------------               
        --                        --       |__||  
        --  OOPS!!                --      / X,X  | 
        --                        --    /_____   | 
        --  Simulation Failed!!   --   /^ ^ ^ \  |
        --                        --  |^ ^ ^ ^ |w| 
        ----------------------------   \m___m__|_|


-------------------------------------------------------------------
*                            PATTERN NO.  85 	                
             answer should be : 2c6296f8 , your answer is : zzzzzzzz           
-------------------------------------------------------------------




        ----------------------------               
        --                        --       |__||  
        --  OOPS!!                --      / X,X  | 
        --                        --    /_____   | 
        --  Simulation Failed!!   --   /^ ^ ^ \  |
        --                        --  |^ ^ ^ ^ |w| 
        ----------------------------   \m___m__|_|


-------------------------------------------------------------------
*                            PATTERN NO.  86 	                
             answer should be : d44b5cee , your answer is : zzzzzzzz           
-------------------------------------------------------------------




        ----------------------------               
        --                        --       |__||  
        --  OOPS!!                --      / X,X  | 
        --                        --    /_____   | 
        --  Simulation Failed!!   --   /^ ^ ^ \  |
        --                        --  |^ ^ ^ ^ |w| 
        ----------------------------   \m___m__|_|


-------------------------------------------------------------------
*                            PATTERN NO.  87 	                
             answer should be : 271ba25b , your answer is : zzzzzzzz           
-------------------------------------------------------------------




        ----------------------------               
        --                        --       |__||  
        --  OOPS!!                --      / X,X  | 
        --                        --    /_____   | 
        --  Simulation Failed!!   --   /^ ^ ^ \  |
        --                        --  |^ ^ ^ ^ |w| 
        ----------------------------   \m___m__|_|


-------------------------------------------------------------------
*                            PATTERN NO.  88 	                
             answer should be : b31c9f93 , your answer is : zzzzzzzz           
-------------------------------------------------------------------




        ----------------------------               
        --                        --       |__||  
        --  OOPS!!                --      / X,X  | 
        --                        --    /_____   | 
        --  Simulation Failed!!   --   /^ ^ ^ \  |
        --                        --  |^ ^ ^ ^ |w| 
        ----------------------------   \m___m__|_|


-------------------------------------------------------------------
*                            PATTERN NO.  89 	                
             answer should be : 3f6ad081 , your answer is : zzzzzzzz           
-------------------------------------------------------------------




        ----------------------------               
        --                        --       |__||  
        --  OOPS!!                --      / X,X  | 
        --                        --    /_____   | 
        --  Simulation Failed!!   --   /^ ^ ^ \  |
        --                        --  |^ ^ ^ ^ |w| 
        ----------------------------   \m___m__|_|


-------------------------------------------------------------------
*                            PATTERN NO.  90 	                
             answer should be : 646caac8 , your answer is : zzzzzzzz           
-------------------------------------------------------------------




        ----------------------------               
        --                        --       |__||  
        --  OOPS!!                --      / X,X  | 
        --                        --    /_____   | 
        --  Simulation Failed!!   --   /^ ^ ^ \  |
        --                        --  |^ ^ ^ ^ |w| 
        ----------------------------   \m___m__|_|


-------------------------------------------------------------------
*                            PATTERN NO.  91 	                
             answer should be : 3980bd30 , your answer is : zzzzzzzz           
-------------------------------------------------------------------




        ----------------------------               
        --                        --       |__||  
        --  OOPS!!                --      / X,X  | 
        --                        --    /_____   | 
        --  Simulation Failed!!   --   /^ ^ ^ \  |
        --                        --  |^ ^ ^ ^ |w| 
        ----------------------------   \m___m__|_|


-------------------------------------------------------------------
*                            PATTERN NO.  92 	                
             answer should be : b43d2163 , your answer is : zzzzzzzz           
-------------------------------------------------------------------




        ----------------------------               
        --                        --       |__||  
        --  OOPS!!                --      / X,X  | 
        --                        --    /_____   | 
        --  Simulation Failed!!   --   /^ ^ ^ \  |
        --                        --  |^ ^ ^ ^ |w| 
        ----------------------------   \m___m__|_|


-------------------------------------------------------------------
*                            PATTERN NO.  93 	                
             answer should be : 4ac56f77 , your answer is : zzzzzzzz           
-------------------------------------------------------------------




        ----------------------------               
        --                        --       |__||  
        --  OOPS!!                --      / X,X  | 
        --                        --    /_____   | 
        --  Simulation Failed!!   --   /^ ^ ^ \  |
        --                        --  |^ ^ ^ ^ |w| 
        ----------------------------   \m___m__|_|


-------------------------------------------------------------------
*                            PATTERN NO.  94 	                
             answer should be : 12ffe7f1 , your answer is : zzzzzzzz           
-------------------------------------------------------------------




        ----------------------------               
        --                        --       |__||  
        --  OOPS!!                --      / X,X  | 
        --                        --    /_____   | 
        --  Simulation Failed!!   --   /^ ^ ^ \  |
        --                        --  |^ ^ ^ ^ |w| 
        ----------------------------   \m___m__|_|


-------------------------------------------------------------------
*                            PATTERN NO.  95 	                
             answer should be : 1594cbd7 , your answer is : zzzzzzzz           
-------------------------------------------------------------------




        ----------------------------               
        --                        --       |__||  
        --  OOPS!!                --      / X,X  | 
        --                        --    /_____   | 
        --  Simulation Failed!!   --   /^ ^ ^ \  |
        --                        --  |^ ^ ^ ^ |w| 
        ----------------------------   \m___m__|_|


-------------------------------------------------------------------
*                            PATTERN NO.  96 	                
             answer should be : 4d44fa69 , your answer is : zzzzzzzz           
-------------------------------------------------------------------




        ----------------------------               
        --                        --       |__||  
        --  OOPS!!                --      / X,X  | 
        --                        --    /_____   | 
        --  Simulation Failed!!   --   /^ ^ ^ \  |
        --                        --  |^ ^ ^ ^ |w| 
        ----------------------------   \m___m__|_|


-------------------------------------------------------------------
*                            PATTERN NO.  97 	                
             answer should be : 21567ed1 , your answer is : zzzzzzzz           
-------------------------------------------------------------------




        ----------------------------               
        --                        --       |__||  
        --  OOPS!!                --      / X,X  | 
        --                        --    /_____   | 
        --  Simulation Failed!!   --   /^ ^ ^ \  |
        --                        --  |^ ^ ^ ^ |w| 
        ----------------------------   \m___m__|_|


-------------------------------------------------------------------
*                            PATTERN NO.  98 	                
             answer should be : b588778b , your answer is : zzzzzzzz           
-------------------------------------------------------------------




        ----------------------------               
        --                        --       |__||  
        --  OOPS!!                --      / X,X  | 
        --                        --    /_____   | 
        --  Simulation Failed!!   --   /^ ^ ^ \  |
        --                        --  |^ ^ ^ ^ |w| 
        ----------------------------   \m___m__|_|


-------------------------------------------------------------------
*                            PATTERN NO.  99 	                
             answer should be : fbf53f61 , your answer is : zzzzzzzz           
-------------------------------------------------------------------




        ----------------------------               
        --                        --       |__||  
        --  OOPS!!                --      / X,X  | 
        --                        --    /_____   | 
        --  Simulation Failed!!   --   /^ ^ ^ \  |
        --                        --  |^ ^ ^ ^ |w| 
        ----------------------------   \m___m__|_|


-------------------------------------------------------------------
*                            PATTERN NO. 100 	                
             answer should be : 141a71ef , your answer is : zzzzzzzz           
-------------------------------------------------------------------




        ----------------------------               
        --                        --       |__||  
        --  OOPS!!                --      / X,X  | 
        --                        --    /_____   | 
        --  Simulation Failed!!   --   /^ ^ ^ \  |
        --                        --  |^ ^ ^ ^ |w| 
        ----------------------------   \m___m__|_|


-------------------------------------------------------------------
*                            PATTERN NO. 101 	                
             answer should be : 9dd14ecd , your answer is : zzzzzzzz           
-------------------------------------------------------------------




        ----------------------------               
        --                        --       |__||  
        --  OOPS!!                --      / X,X  | 
        --                        --    /_____   | 
        --  Simulation Failed!!   --   /^ ^ ^ \  |
        --                        --  |^ ^ ^ ^ |w| 
        ----------------------------   \m___m__|_|


-------------------------------------------------------------------
*                            PATTERN NO. 102 	                
             answer should be : ae318e58 , your answer is : zzzzzzzz           
-------------------------------------------------------------------




        ----------------------------               
        --                        --       |__||  
        --  OOPS!!                --      / X,X  | 
        --                        --    /_____   | 
        --  Simulation Failed!!   --   /^ ^ ^ \  |
        --                        --  |^ ^ ^ ^ |w| 
        ----------------------------   \m___m__|_|


-------------------------------------------------------------------
*                            PATTERN NO. 103 	                
             answer should be : bb6fceaa , your answer is : zzzzzzzz           
-------------------------------------------------------------------




        ----------------------------               
        --                        --       |__||  
        --  OOPS!!                --      / X,X  | 
        --                        --    /_____   | 
        --  Simulation Failed!!   --   /^ ^ ^ \  |
        --                        --  |^ ^ ^ ^ |w| 
        ----------------------------   \m___m__|_|


-------------------------------------------------------------------
*                            PATTERN NO. 104 	                
             answer should be : 907c1c76 , your answer is : zzzzzzzz           
-------------------------------------------------------------------




        ----------------------------               
        --                        --       |__||  
        --  OOPS!!                --      / X,X  | 
        --                        --    /_____   | 
        --  Simulation Failed!!   --   /^ ^ ^ \  |
        --                        --  |^ ^ ^ ^ |w| 
        ----------------------------   \m___m__|_|


-------------------------------------------------------------------
*                            PATTERN NO. 105 	                
             answer should be : 8ce9ea01 , your answer is : zzzzzzzz           
-------------------------------------------------------------------




        ----------------------------               
        --                        --       |__||  
        --  OOPS!!                --      / X,X  | 
        --                        --    /_____   | 
        --  Simulation Failed!!   --   /^ ^ ^ \  |
        --                        --  |^ ^ ^ ^ |w| 
        ----------------------------   \m___m__|_|


-------------------------------------------------------------------
*                            PATTERN NO. 106 	                
             answer should be : 3d6941e0 , your answer is : zzzzzzzz           
-------------------------------------------------------------------




        ----------------------------               
        --                        --       |__||  
        --  OOPS!!                --      / X,X  | 
        --                        --    /_____   | 
        --  Simulation Failed!!   --   /^ ^ ^ \  |
        --                        --  |^ ^ ^ ^ |w| 
        ----------------------------   \m___m__|_|


-------------------------------------------------------------------
*                            PATTERN NO. 107 	     