dcnxt_shell -f "syn.tcl"       	 -x "set_host_options -max_cores 4               " -output_log_file "syn.log"       	

                            Design Compiler (R) NXT 

                 Version T-2022.03 for linux64 - Feb 22, 2022 

                    Copyright (c) 1988 - 2022 Synopsys, Inc.
   This software and the associated documentation are proprietary to Synopsys,
 Inc. This software may only be used in accordance with the terms and conditions
 of a written license agreement with Synopsys, Inc. All other use, reproduction,
   or distribution of this software is strictly prohibited.  Licensed Products
     communicate with Synopsys servers for the purpose of providing software
    updates, detecting software piracy and verifying that customers are using
    Licensed Products in conformity with the applicable License Key for such
  Licensed Products. Synopsys will use information gathered in connection with
    this process to deliver software updates and pursue software pirates and
                                   infringers.

 Inclusivity & Diversity - Visit SolvNetPlus to read the "Synopsys Statement on
            Inclusivity and Diversity" (Refer to article 000036315 at
                        https://solvnetplus.synopsys.com)
Initializing...
#======================================================
#
# Synopsys Synthesis Scripts (Design Vision dctcl mode)
#
#======================================================
#======================================================
# (A) Global Parameters
#======================================================
set DESIGN "Train"
Train
set CYCLE 10
10
set INPUT_DLY [expr 0.5*$CYCLE]
5.0
set OUTPUT_DLY [expr 0.5*$CYCLE]
5.0
#======================================================
# (B) Read RTL Code
#======================================================
# (B-1) analyze + elaborate
set hdlin_auto_save_templates TRUE
TRUE
analyze -f sverilog $DESIGN\.v 
Running PRESTO HDLC
Compiling source file ../01_RTL/Train.v
Presto compilation completed successfully.
Loading db file '/RAID2/COURSE/BackUp/2023_Spring/iclab/iclabta01/umc018/Synthesis/slow.db'
Loading db file '/usr/cad/synopsys/synthesis/cur/libraries/syn/dw_foundation.sldb'
Loading db file '/usr/cad/synopsys/synthesis/cur/libraries/syn/standard.sldb'
1
elaborate $DESIGN  
Loading db file '/usr/cad/synopsys/synthesis/2022.03/libraries/syn/gtech.db'
Loading db file '/usr/cad/synopsys/synthesis/2022.03/libraries/syn/standard.sldb'
  Loading link library 'slow'
  Loading link library 'gtech'
Running PRESTO HDLC

Statistics for case statements in always block at line 54 in file
	'../01_RTL/Train.v'
===============================================
|           Line           |  full/ parallel  |
===============================================
|            62            |     no/auto      |
===============================================

Statistics for case statements in always block at line 73 in file
	'../01_RTL/Train.v'
===============================================
|           Line           |  full/ parallel  |
===============================================
|            94            |     no/auto      |
===============================================

Inferred memory devices in process
	in routine Train line 54 in file
		'../01_RTL/Train.v'.
===============================================================================
|    Register Name    |   Type    | Width | Bus | MB | AR | AS | SR | SS | ST |
===============================================================================
|    cur_state_reg    | Flip-flop |   5   |  Y  | N  | Y  | N  | N  | N  | N  |
===============================================================================

Inferred memory devices in process
	in routine Train line 73 in file
		'../01_RTL/Train.v'.
======================================================================================
|       Register Name        |   Type    | Width | Bus | MB | AR | AS | SR | SS | ST |
======================================================================================
|       order_ptr_reg        | Flip-flop |   5   |  Y  | N  | Y  | N  | N  | N  | N  |
|       stack_ptr_reg        | Flip-flop |   5   |  Y  | N  | Y  | N  | N  | N  | N  |
|      in_train_cnt_reg      | Flip-flop |   5   |  Y  | N  | Y  | N  | N  | N  | N  |
|          cnt_reg           | Flip-flop |   5   |  Y  | N  | Y  | N  | N  | N  | N  |
|   current_target_ff_reg    | Flip-flop |   5   |  Y  | N  | Y  | N  | N  | N  | N  |
| number_of_carriages_ff_reg | Flip-flop |   5   |  Y  | N  | Y  | N  | N  | N  | N  |
|       out_valid_reg        | Flip-flop |   1   |  N  | N  | Y  | N  | N  | N  | N  |
|         result_reg         | Flip-flop |   1   |  N  | N  | Y  | N  | N  | N  | N  |
|    desired_order_rf_reg    | Flip-flop |  55   |  Y  | N  | Y  | N  | N  | N  | N  |
|         stack_reg          | Flip-flop |  55   |  Y  | N  | Y  | N  | N  | N  | N  |
======================================================================================
Presto compilation completed successfully. (Train)
Elaborated 1 design.
Current design is now 'Train'.
1
# (B-2) read_sverilog
#read_sverilog $DESIGN\.v
# (B-3) set current design
current_design $DESIGN
Current design is 'Train'.
{Train}
link

  Linking design 'Train'
  Using the following designs and libraries:
  --------------------------------------------------------------------------
  Train                       /RAID2/COURSE/iclab/iclab126/OT_v2/02_SYN/Train.db
  slow (library)              /RAID2/COURSE/BackUp/2023_Spring/iclab/iclabta01/umc018/Synthesis/slow.db
  dw_foundation.sldb (library) /usr/cad/synopsys/synthesis/cur/libraries/syn/dw_foundation.sldb

1
#======================================================
#  (C) Global Setting
#======================================================
#set_wire_load_mode top
#set_operating_conditions -max WCCOM -min BCCOM
#set_wire_load_model -name umc18_wl10 -library slow
#======================================================
#  (D) Set Design Constraints
#======================================================
# (D-1) Setting Clock Constraints
create_clock -name clk -period $CYCLE [get_ports clk] 
1
set_dont_touch_network             [get_clocks clk]
1
set_fix_hold                       [get_clocks clk]
1
set_clock_uncertainty       0.1    [get_clocks clk]
1
# set_clock_latency   -source 0      [get_clocks clk]
# set_clock_latency           1      [get_clocks clk] 
set_input_transition        0.5    [all_inputs] 
1
set_clock_transition        0.1    [all_clocks] 
1
# (D-2) Setting in/out Constraints
set_input_delay   -max  $INPUT_DLY  -clock clk   [all_inputs] ;  # set_up time check 
1
set_input_delay   -min  0           -clock clk   [all_inputs] ;  # hold   time check 
1
set_output_delay  -max  $OUTPUT_DLY -clock clk   [all_outputs] ; # set_up time check 
1
set_output_delay  -min  0           -clock clk   [all_outputs] ; # hold   time check 
1
set_input_delay 0 -clock clk clk
1
set_input_delay 0 -clock clk rst_n
1
#set_max_delay $CYCLE -from [all_inputs] -to [all_outputs]
# (D-3) Setting Design Environment
# set_driving_cell -library umc18io3v5v_slow -lib_cell P2C    -pin {Y}  [get_ports clk]
# set_driving_cell -library umc18io3v5v_slow -lib_cell P2C    -pin {Y}  [remove_from_collection [all_inputs] [get_ports clk]]
# set_load  [load_of "umc18io3v5v_slow/P8C/A"]       [all_outputs] ; # ~= 0.038
set_load 0.05 [all_outputs]
1
# (D-4) Setting DRC Constraint
#set_max_delay           0     ; # Optimize delay max effort                 
#set_max_area            0      ; # Optimize area max effort           
set_max_transition      3       [all_inputs]   ; # U18 LUT Max Transition Value  
1
set_max_capacitance     0.15    [all_inputs]   ; # U18 LUT Max Capacitance Value
1
set_max_fanout          10      [all_inputs]
1
# set_dont_use slow/JKFF*
#set_dont_touch [get_cells core_reg_macro]
#set hdlin_ff_always_sync_set_reset true
# (D-5) Report Clock skew
report_clock -skew clk
Information: Checking out the license 'DesignWare'. (SEC-104)
Information: Updating design information... (UID-85)
Warning: Design 'Train' contains 1 high-fanout nets. A fanout number of 1000 will be used for delay calculations involving these nets. (TIM-134)
 
****************************************
Report : clock_skew
Design : Train
Version: T-2022.03
Date   : Sat Nov  4 15:26:22 2023
****************************************

                 Rise      Fall  Min Rise  Min fall        Uncertainty
Object          Delay     Delay     Delay     Delay     Plus      Minus
--------------------------------------------------------------------------------
clk                 -         -         -         -      0.10      0.10

                 Max Transition      Min Transition
Object           Rise      Fall      Rise      Fall
-------------------------------------------------------
clk              0.10      0.10      0.10      0.10
1
check_timing

Information: Checking generated_clocks...

Information: Checking loops...

Information: Checking no_input_delay...

Information: Checking unconstrained_endpoints...

Information: Checking pulse_clock_cell_type...

Information: Checking no_driving_cell...

Information: Checking partial_input_delay...
1
#======================================================
#  (E) Optimization
#======================================================
check_design > Report/$DESIGN\.check
set_fix_multiple_port_nets -all -buffer_constants [get_designs *]
1
set_fix_hold [all_clocks]
1
compile_ultra
Information: Performing power optimization. (PWR-850)
Analyzing: "/RAID2/COURSE/BackUp/2023_Spring/iclab/iclabta01/umc018/Synthesis/slow.db"
Library analysis succeeded.
Information: Running optimization using a maximum of 4 cores. (OPT-1500)
Information: Evaluating DesignWare library utilization. (UISN-27)

============================================================================
| DesignWare Building Block Library  |         Version         | Available |
============================================================================
| Basic DW Building Blocks           | S-2021.06-DWBB_202106.0 |     *     |
| Licensed DW Building Blocks        | S-2021.06-DWBB_202106.0 |     *     |
============================================================================

====================================================================================================
| Flow Information                                                                                 |
----------------------------------------------------------------------------------------------------
| Flow         | Design Compiler NXT WLM                                                           |
| Comand line  | compile_ultra                                                                     |
====================================================================================================
| Design Information                                      | Value                                  |
====================================================================================================
| Number of Scenarios                                     | 0                                      |
| Leaf Cell Count                                         | 490                                    |
| Number of User Hierarchies                              | 0                                      |
| Sequential Cell Count                                   | 147                                    |
| Macro Count                                             | 0                                      |
| Number of Power Domains                                 | 0                                      |
| Number of Path Groups                                   | 2                                      |
| Number of VT class                                      | 0                                      |
| Number of Clocks                                        | 1                                      |
| Number of Dont Touch cells                              | 84                                     |
| Number of Dont Touch nets                               | 1                                      |
| Number of size only cells                               | 0                                      |
| Design with UPF Data                                    | false                                  |
----------------------------------------------------------------------------------------------------
| Variables                                               | Value                                  |
----------------------------------------------------------------------------------------------------
| set_fix_multiple_port_nets                              | -all -buffer_constants                 |
====================================================================================================
Information: Sequential output inversion is enabled.  SVF file must be used for formal verification. (OPT-1208)

Information: There are 6 potential problems in your design. Please run 'check_design' for more information. (LINT-99)

  Simplifying Design 'Train'

Loaded alib file './alib-52/slow.db.alib'
  Building model 'DW01_NAND2'
Information: Ungrouping 0 of 1 hierarchies before Pass 1 (OPT-775)
Information: State dependent leakage is now switched from on to off.

  Beginning Pass 1 Mapping
  ------------------------
  Processing 'Train'
Information: Added key list 'DesignWare' to design 'Train'. (DDB-72)
Information: The register 'cur_state_reg[4]' is a constant and will be removed. (OPT-1206)
Information: The register 'cur_state_reg[3]' is a constant and will be removed. (OPT-1206)
Information: The register 'number_of_carriages_ff_reg[4]' is a constant and will be removed. (OPT-1206)
Information: The register 'desired_order_rf_reg[0][4]' is a constant and will be removed. (OPT-1206)
Information: The register 'desired_order_rf_reg[1][4]' is a constant and will be removed. (OPT-1206)
Information: The register 'desired_order_rf_reg[2][4]' is a constant and will be removed. (OPT-1206)
Information: The register 'desired_order_rf_reg[3][4]' is a constant and will be removed. (OPT-1206)
Information: The register 'desired_order_rf_reg[4][4]' is a constant and will be removed. (OPT-1206)
Information: The register 'desired_order_rf_reg[5][4]' is a constant and will be removed. (OPT-1206)
Information: The register 'desired_order_rf_reg[6][4]' is a constant and will be removed. (OPT-1206)
Information: The register 'desired_order_rf_reg[7][4]' is a constant and will be removed. (OPT-1206)
Information: The register 'desired_order_rf_reg[8][4]' is a constant and will be removed. (OPT-1206)
Information: The register 'desired_order_rf_reg[9][4]' is a constant and will be removed. (OPT-1206)
Information: The register 'desired_order_rf_reg[10][4]' is a constant and will be removed. (OPT-1206)
Information: The register 'current_target_ff_reg[4]' is a constant and will be removed. (OPT-1206)
 Implement Synthetic for 'Train'.

  Updating timing information
Information: Updating design information... (UID-85)
Information: The library cell 'HOLDX1' in the library 'slow' is not characterized for internal power. (PWR-536)
Information: The target library(s) contains cell(s), other than black boxes, that are not characterized for internal power. (PWR-24)

  Beginning Mapping Optimizations  (Ultra High effort)
  -------------------------------
Information: There is no timing violation in design Train. Delay-based auto_ungroup will not be performed. (OPT-780)
  Mapping Optimization (Phase 1)
Information: The register 'stack_reg[10][4]' is a constant and will be removed. (OPT-1206)
Information: The register 'stack_reg[0][4]' is a constant and will be removed. (OPT-1206)
Information: The register 'stack_reg[7][4]' is a constant and will be removed. (OPT-1206)
Information: The register 'stack_reg[5][4]' is a constant and will be removed. (OPT-1206)
Information: The register 'stack_reg[2][4]' is a constant and will be removed. (OPT-1206)
Information: The register 'stack_reg[8][4]' is a constant and will be removed. (OPT-1206)
Information: The register 'stack_reg[9][4]' is a constant and will be removed. (OPT-1206)
Information: The register 'stack_reg[1][4]' is a constant and will be removed. (OPT-1206)
Information: The register 'stack_reg[6][4]' is a constant and will be removed. (OPT-1206)
Information: The register 'stack_reg[4][4]' is a constant and will be removed. (OPT-1206)
Information: The register 'stack_reg[3][4]' is a constant and will be removed. (OPT-1206)

                                  TOTAL                                                            
   ELAPSED            WORST NEG   SETUP    DESIGN                              LEAKAGE   MIN DELAY 
    TIME      AREA      SLACK     COST    RULE COST         ENDPOINT            POWER      COST    
  --------- --------- --------- --------- --------- ------------------------- --------- -----------
    0:00:02   21362.1      0.00       0.0       0.0                           2604210.2500      0.00  
    0:00:02   21362.1      0.00       0.0       0.0                           2604210.2500      0.00  

  Beginning Constant Register Removal
  -----------------------------------
    0:00:02   21362.1      0.00       0.0       0.0                           2604210.2500      0.00  
    0:00:02   21362.1      0.00       0.0       0.0                           2604210.2500      0.00  

  Beginning Global Optimizations
  ------------------------------
  Numerical Synthesis (Phase 1)
  Numerical Synthesis (Phase 2)
  Global Optimization (Phase 1)
  Global Optimization (Phase 2)
  Global Optimization (Phase 3)
  Global Optimization (Phase 4)
  Global Optimization (Phase 5)
  Global Optimization (Phase 6)
  Global Optimization (Phase 7)
  Global Optimization (Phase 8)
  Global Optimization (Phase 9)
  Global Optimization (Phase 10)
  Global Optimization (Phase 11)
  Global Optimization (Phase 12)
  Global Optimization (Phase 13)
  Global Optimization (Phase 14)
  Global Optimization (Phase 15)
  Global Optimization (Phase 16)
  Global Optimization (Phase 17)
  Global Optimization (Phase 18)
  Global Optimization (Phase 19)
  Global Optimization (Phase 20)
  Global Optimization (Phase 21)
  Global Optimization (Phase 22)
  Global Optimization (Phase 23)
  Global Optimization (Phase 24)
  Global Optimization (Phase 25)
  Global Optimization (Phase 26)
  Global Optimization (Phase 27)
  Global Optimization (Phase 28)
  Global Optimization (Phase 29)
  Global Optimization (Phase 30)

  Beginning Isolate Ports
  -----------------------

  Beginning Delay Optimization
  ----------------------------
    0:00:03   15770.5      0.00       0.0       0.0                           1174614.0000      0.00  
    0:00:03   15770.5      0.00       0.0       0.0                           1174614.0000      0.00  
    0:00:03   15770.5      0.00       0.0       0.0                           1174614.0000      0.00  
    0:00:03   15753.8      0.00       0.0       0.0                           1171497.8750      0.00  
    0:00:03   15753.8      0.00       0.0       0.0                           1171497.8750      0.00  
    0:00:03   15753.8      0.00       0.0       0.0                           1171497.8750      0.00  

  Beginning WLM Backend Optimization
  --------------------------------------
    0:00:03   15664.0      0.00       0.0       0.0                           1158107.7500      0.00  
    0:00:03   15664.0      0.00       0.0       0.0                           1158107.7500      0.00  
    0:00:03   15664.0      0.00       0.0       0.0                           1158107.7500      0.00  
    0:00:03   15657.4      0.00       0.0       0.0                           1109335.3750      0.00  
    0:00:03   15657.4      0.00       0.0       0.0                           1109335.3750      0.00  
    0:00:03   15657.4      0.00       0.0       0.0                           1109335.3750      0.00  
    0:00:03   15657.4      0.00       0.0       0.0                           1109335.3750      0.00  
    0:00:03   15657.4      0.00       0.0       0.0                           1109335.3750      0.00  
    0:00:03   15657.4      0.00       0.0       0.0                           1109335.3750      0.00  
    0:00:03   15657.4      0.00       0.0       0.0                           1109335.3750      0.00  
    0:00:03   15657.4      0.00       0.0       0.0                           1109335.3750      0.00  
    0:00:03   15657.4      0.00       0.0       0.0                           1109335.3750      0.00  
    0:00:03   15657.4      0.00       0.0       0.0                           1109335.3750      0.00  
    0:00:03   15657.4      0.00       0.0       0.0                           1109335.3750      0.00  
    0:00:03   15657.4      0.00       0.0       0.0                           1109335.3750      0.00  
    0:00:03   15657.4      0.00       0.0       0.0                           1109335.3750      0.00  
    0:00:03   15657.4      0.00       0.0       0.0                           1109335.3750      0.00  
    0:00:03   15657.4      0.00       0.0       0.0                           1109335.3750      0.00  
    0:00:03   15657.4      0.00       0.0       0.0                           1109335.3750      0.00  
    0:00:03   15657.4      0.00       0.0       0.0                           1109335.3750      0.00  
    0:00:03   15657.4      0.00       0.0       0.0                           1109335.3750      0.00  
    0:00:03   15657.4      0.00       0.0       0.0                           1109335.3750      0.00  
    0:00:03   15657.4      0.00       0.0       0.0                           1109335.3750      0.00  
    0:00:03   15657.4      0.00       0.0       0.0                           1109335.3750      0.00  


  Beginning Leakage Power Optimization  (max_leakage_power 0)
  ------------------------------------

                                  TOTAL                                                            
   ELAPSED            WORST NEG   SETUP    DESIGN                              LEAKAGE   MIN DELAY 
    TIME      AREA      SLACK     COST    RULE COST         ENDPOINT            POWER      COST    
  --------- --------- --------- --------- --------- ------------------------- --------- -----------
    0:00:03   15657.4      0.00       0.0       0.0                           1109335.3750      0.00  
  Global Optimization (Phase 31)
  Global Optimization (Phase 32)
  Global Optimization (Phase 33)
  Global Optimization (Phase 34)
  Global Optimization (Phase 35)
  Global Optimization (Phase 36)
  Global Optimization (Phase 37)
  Global Optimization (Phase 38)
  Global Optimization (Phase 39)
  Global Optimization (Phase 40)
  Global Optimization (Phase 41)
  Global Optimization (Phase 42)
    0:00:03   15733.9      0.00       0.0       0.0                           1035433.1250      0.00  
    0:00:03   15733.9      0.00       0.0       0.0                           1035433.1250      0.00  
    0:00:03   15733.9      0.00       0.0       0.0                           1035433.1250      0.00  
    0:00:03   15680.6      0.00       0.0       0.0                           1037879.8750      0.00  
    0:00:03   15680.6      0.00       0.0       0.0                           1037879.8750      0.00  
    0:00:03   15680.6      0.00       0.0       0.0                           1037879.8750      0.00  
    0:00:03   15680.6      0.00       0.0       0.0                           1037879.8750      0.00  
    0:00:03   15680.6      0.00       0.0       0.0                           1037879.8750      0.00  
    0:00:03   15680.6      0.00       0.0       0.0                           1037879.8750      0.00  
    0:00:03   15680.6      0.00       0.0       0.0                           1037879.8750      0.00  
    0:00:03   15680.6      0.00       0.0       0.0                           1037879.8750      0.00  
    0:00:03   15680.6      0.00       0.0       0.0                           1037879.8750      0.00  
    0:00:03   15680.6      0.00       0.0       0.0                           1037879.8750      0.00  
    0:00:03   15680.6      0.00       0.0       0.0                           1037879.8750      0.00  
    0:00:03   15680.6      0.00       0.0       0.0                           1037879.8750      0.00  
    0:00:03   15680.6      0.00       0.0       0.0                           1037879.8750      0.00  
    0:00:03   15680.6      0.00       0.0       0.0                           1037879.8750      0.00  
    0:00:03   15680.6      0.00       0.0       0.0                           1037879.8750      0.00  
    0:00:03   15680.6      0.00       0.0       0.0                           1037879.8750      0.00  
    0:00:03   15680.6      0.00       0.0       0.0                           1037879.8750      0.00  
    0:00:03   15680.6      0.00       0.0       0.0                           1037879.8750      0.00  
    0:00:03   15680.6      0.00       0.0       0.0                           1037879.8750      0.00  

                                  TOTAL                                                            
   ELAPSED            WORST NEG   SETUP    DESIGN                              LEAKAGE   MIN DELAY 
    TIME      AREA      SLACK     COST    RULE COST         ENDPOINT            POWER      COST    
  --------- --------- --------- --------- --------- ------------------------- --------- -----------
    0:00:04   15680.6      0.00       0.0       0.0                           1037879.8750      0.00  
    0:00:04   15564.2      0.00       0.0       0.0                           1044503.6875      0.00  
    0:00:04   15564.2      0.00       0.0       0.0                           1044503.6875      0.00  
    0:00:04   15564.2      0.00       0.0       0.0                           1044503.6875      0.00  
    0:00:04   15564.2      0.00       0.0       0.0                           1044503.6875      0.00  
    0:00:04   15614.1      0.00       0.0       0.0                           1041344.0625      0.00  
    0:00:04   15614.1      0.00       0.0       0.0                           1041344.0625      0.00  
    0:00:04   15614.1      0.00       0.0       0.0                           1041344.0625      0.00  
    0:00:04   15614.1      0.00       0.0       0.0                           1041344.0625      0.00  
    0:00:04   15614.1      0.00       0.0       0.0                           1041344.0625      0.00  
    0:00:04   15614.1      0.00       0.0       0.0                           1041344.0625      0.00  
Loading db file '/RAID2/COURSE/BackUp/2023_Spring/iclab/iclabta01/umc018/Synthesis/slow.db'


Note: Symbol # after min delay cost means estimated hold TNS across all active scenarios 


  Optimization Complete
  ---------------------
Information: State dependent leakage is now switched from off to on.
Information: Propagating switching activity (low effort zero delay simulation). (PWR-6)
1
#uniquify
#compile
#======================================================
#  (F) Output Reports 
#======================================================
report_design  >  Report/$DESIGN\.design
report_resource >  Report/$DESIGN\.resource
report_timing -max_paths 3 >  Report/$DESIGN\.timing
report_area >  Report/$DESIGN\.area
report_power > Report/$DESIGN\.power
report_clock > Report/$DESIGN\.clock
report_port >  Report/$DESIGN\.port
report_power >  Report/$DESIGN\.power
#report_reference > Report/$DESIGN\.reference
#======================================================
#  (G) Change Naming Rule
#======================================================
set bus_inference_style "%s\[%d\]"
%s[%d]
set bus_naming_style "%s\[%d\]"
%s[%d]
set hdlout_internal_busses true
true
change_names -hierarchy -rule verilog
1
define_name_rules name_rule -allowed "a-z A-Z 0-9 _" -max_length 255 -type cell
1
define_name_rules name_rule -allowed "a-z A-Z 0-9 _[]" -max_length 255 -type net
1
define_name_rules name_rule -map {{"\\*cell\\*" "cell"}}
1
define_name_rules name_rule -case_insensitive
1
change_names -hierarchy -rules name_rule
1
#======================================================
#  (H) Output Results
#======================================================
set verilogout_higher_designs_first true
true
write -format verilog -output Netlist/$DESIGN\_SYN.v -hierarchy
Writing verilog file '/RAID2/COURSE/iclab/iclab126/OT_v2/02_SYN/Netlist/Train_SYN.v'.
1
write -format ddc     -hierarchy -output $DESIGN\_SYN.ddc
Writing ddc file 'Train_SYN.ddc'.
1
write_sdf -version 3.0 -context verilog -load_delay cell Netlist/$DESIGN\_SYN.sdf -significant_digits 6
Information: Writing timing information to file '/RAID2/COURSE/iclab/iclab126/OT_v2/02_SYN/Netlist/Train_SYN.sdf'. (WT-3)
1
write_sdc Netlist/$DESIGN\_SYN.sdc
1
#======================================================
#  (I) Finish and Quit
#======================================================
report_area
 
****************************************
Report : area
Design : Train
Version: T-2022.03
Date   : Sat Nov  4 15:27:19 2023
****************************************

Library(s) Used:

    slow (File: /RAID2/COURSE/BackUp/2023_Spring/iclab/iclabta01/umc018/Synthesis/slow.db)

Number of ports:                            9
Number of nets:                           569
Number of cells:                          560
Number of combinational cells:            439
Number of sequential cells:               121
Number of macros/black boxes:               0
Number of buf/inv:                         69
Number of references:                      32

Combinational area:               7121.822478
Buf/Inv area:                      688.564825
Noncombinational area:            8492.299271
Macro/Black Box area:                0.000000
Net Interconnect area:      undefined  (No wire load specified)

Total cell area:                 15614.121749
Total area:                 undefined
1
report_timing 
 
****************************************
Report : timing
        -path full
        -delay max
        -max_paths 1
Design : Train
Version: T-2022.03
Date   : Sat Nov  4 15:27:19 2023
****************************************

Operating Conditions: slow   Library: slow
Wire Load Model Mode: top

  Startpoint: result_reg (rising edge-triggered flip-flop clocked by clk)
  Endpoint: result (output port clocked by clk)
  Path Group: clk
  Path Type: max

  Point                                    Incr       Path
  -----------------------------------------------------------
  clock clk (rise edge)                    0.00       0.00
  clock network delay (ideal)              0.00       0.00
  result_reg/CK (DFFRHQXL)                 0.00       0.00 r
  result_reg/Q (DFFRHQXL)                  1.21       1.21 r
  result (out)                             0.00       1.21 r
  data arrival time                                   1.21

  clock clk (rise edge)                   10.00      10.00
  clock network delay (ideal)              0.00      10.00
  clock uncertainty                       -0.10       9.90
  output external delay                   -5.00       4.90
  data required time                                  4.90
  -----------------------------------------------------------
  data required time                                  4.90
  data arrival time                                  -1.21
  -----------------------------------------------------------
  slack (MET)                                         3.69


1
exit

Memory usage for this session 223 Mbytes.
Memory usage for this session including child processes 438 Mbytes.
CPU usage for this session 56 seconds ( 0.02 hours ).
Elapsed time for this session 62 seconds ( 0.02 hours ).

Thank you...
