#======================================================
#
# Synopsys Synthesis Scripts (Design Vision dctcl mode)
#
#======================================================
#======================================================
#  Set Libraries
#======================================================
#
#set search_path {./../01_RTL \
#                 ./../04_MEM/ \
#                                /RAID2/COURSE/BackUp/2023_Spring/iclab/iclabta01/UMC018_CBDK/CIC/SynopsysDC/db/ \
#                 /~iclabta01/umc018/Synthesis/ }
#                 #/usr/synthesis/libraries/syn/ \
                 #/usr/synthesis/dw/ }
#set synthetic_library {dw_foundation.sldb}
#set link_library {MYMEMORY_WC.db MEMORY2_WC.db fsa0m_a_generic_core_ss1p62v125c.db fsa0m_a_generic_core_ff1p98vm40c.db fsa0m_a_t33_generic_io_ss1p62v125c.db fsa0m_a_t33_generic_io_tt1p8v25c.db dw_foundation.sldb}
#set target_library {slow.db}
#
#======================================================
# (A) Global Parameters
#======================================================
set DESIGN "MRA"
MRA
set CYCLE 15
15
set INPUT_DLY [expr 0.5*$CYCLE]
7.5
set OUTPUT_DLY [expr 0.5*$CYCLE]
7.5
#======================================================
# (B) Read RTL Code
#======================================================
# (B-1) analyze + elaborate
set hdlin_auto_save_templates TRUE
TRUE
analyze -f sverilog $DESIGN\.v
Running PRESTO HDLC
Compiling source file ../01_RTL/MRA.v
Presto compilation completed successfully.
Loading db file '/RAID2/COURSE/BackUp/2023_Spring/iclab/iclabta01/UMC018_CBDK/CIC/SynopsysDC/db/fsa0m_a_generic_core_ss1p62v125c.db'
Loading db file '/RAID2/COURSE/iclab/iclab127/Midterm_Project/04_MEM/SRAM_128_128_1_WC.db'
Loading db file '/RAID2/COURSE/iclab/iclab127/Midterm_Project/04_MEM/SRAM_128x128_WC.db'
Loading db file '/usr/cad/synopsys/synthesis/cur/libraries/syn/dw_foundation.sldb'
Loading db file '/usr/cad/synopsys/synthesis/cur/libraries/syn/standard.sldb'
1
elaborate $DESIGN
Loading db file '/usr/cad/synopsys/synthesis/2022.03/libraries/syn/gtech.db'
Loading db file '/usr/cad/synopsys/synthesis/2022.03/libraries/syn/standard.sldb'
  Loading link library 'fsa0m_a_generic_core_ss1p62v125c'
  Loading link library 'SRAM_128_128_1_WC'
  Loading link library 'SRAM_128x128_WC'
  Loading link library 'gtech'
Running PRESTO HDLC
Warning:  ../01_RTL/MRA.v:460: signed to unsigned conversion occurs. (VER-318)
Warning:  ../01_RTL/MRA.v:511: signed to unsigned conversion occurs. (VER-318)
Warning:  ../01_RTL/MRA.v:605: signed to unsigned conversion occurs. (VER-318)
Warning:  ../01_RTL/MRA.v:742: signed to unsigned conversion occurs. (VER-318)
Warning:  ../01_RTL/MRA.v:783: signed to unsigned conversion occurs. (VER-318)
Warning:  ../01_RTL/MRA.v:803: signed to unsigned conversion occurs. (VER-318)
Warning:  ../01_RTL/MRA.v:977: signed to unsigned conversion occurs. (VER-318)
Warning:  ../01_RTL/MRA.v:977: signed to unsigned conversion occurs. (VER-318)
Warning:  ../01_RTL/MRA.v:979: signed to unsigned conversion occurs. (VER-318)
Warning:  ../01_RTL/MRA.v:979: signed to unsigned conversion occurs. (VER-318)
Warning:  ../01_RTL/MRA.v:1048: signed to unsigned conversion occurs. (VER-318)
Warning:  ../01_RTL/MRA.v:1048: signed to unsigned conversion occurs. (VER-318)

Statistics for case statements in always block at line 273 in file
        '../01_RTL/MRA.v'
===============================================
|           Line           |  full/ parallel  |
===============================================
|           274            |    auto/auto     |
===============================================

Statistics for case statements in always block at line 312 in file
        '../01_RTL/MRA.v'
===============================================
|           Line           |  full/ parallel  |
===============================================
|           313            |    auto/auto     |
===============================================

Statistics for case statements in always block at line 425 in file
        '../01_RTL/MRA.v'
===============================================
|           Line           |  full/ parallel  |
===============================================
|           426            |    auto/auto     |
===============================================

Statistics for case statements in always block at line 435 in file
        '../01_RTL/MRA.v'
===============================================
|           Line           |  full/ parallel  |
===============================================
|           436            |    auto/auto     |
===============================================

Statistics for case statements in always block at line 943 in file
        '../01_RTL/MRA.v'
===============================================
|           Line           |  full/ parallel  |
===============================================
|           950            |    auto/auto     |
===============================================

Inferred memory devices in process
        in routine MRA line 304 in file
                '../01_RTL/MRA.v'.
===============================================================================
|    Register Name    |   Type    | Width | Bus | MB | AR | AS | SR | SS | ST |
===============================================================================
|      state_reg      | Flip-flop |   3   |  Y  | N  | Y  | N  | N  | N  | N  |
===============================================================================

Inferred memory devices in process
        in routine MRA line 339 in file
                '../01_RTL/MRA.v'.
===============================================================================
|    Register Name    |   Type    | Width | Bus | MB | AR | AS | SR | SS | ST |
===============================================================================
|     l_state_reg     | Flip-flop |   3   |  Y  | N  | Y  | N  | N  | N  | N  |
===============================================================================

Inferred memory devices in process
        in routine MRA line 347 in file
                '../01_RTL/MRA.v'.
===============================================================================
|    Register Name    |   Type    | Width | Bus | MB | AR | AS | SR | SS | ST |
===============================================================================
|  frame_id_save_reg  | Flip-flop |   5   |  Y  | N  | Y  | N  | N  | N  | N  |
===============================================================================

Inferred memory devices in process
        in routine MRA line 354 in file
                '../01_RTL/MRA.v'.
===============================================================================
|    Register Name    |   Type    | Width | Bus | MB | AR | AS | SR | SS | ST |
===============================================================================
|    count_in_reg     | Flip-flop |   5   |  Y  | N  | Y  | N  | N  | N  | N  |
===============================================================================

Inferred memory devices in process
        in routine MRA line 369 in file
                '../01_RTL/MRA.v'.
===============================================================================
|    Register Name    |   Type    | Width | Bus | MB | AR | AS | SR | SS | ST |
===============================================================================
|   count_addr_reg    | Flip-flop |   7   |  Y  | N  | Y  | N  | N  | N  | N  |
===============================================================================

Inferred memory devices in process
        in routine MRA line 384 in file
                '../01_RTL/MRA.v'.
===============================================================================
|    Register Name    |   Type    | Width | Bus | MB | AR | AS | SR | SS | ST |
===============================================================================
|   count_wave_reg    | Flip-flop |   1   |  N  | N  | Y  | N  | N  | N  | N  |
|   count_wave_reg    | Flip-flop |   1   |  N  | N  | N  | Y  | N  | N  | N  |
===============================================================================

Inferred memory devices in process
        in routine MRA line 398 in file
                '../01_RTL/MRA.v'.
===============================================================================
|    Register Name    |   Type    | Width | Bus | MB | AR | AS | SR | SS | ST |
===============================================================================
|  count_retrace_reg  | Flip-flop |   2   |  Y  | N  | Y  | N  | N  | N  | N  |
===============================================================================

Inferred memory devices in process
        in routine MRA line 448 in file
                '../01_RTL/MRA.v'.
===============================================================================
|    Register Name    |   Type    | Width | Bus | MB | AR | AS | SR | SS | ST |
===============================================================================
|   net_id_save_reg   | Flip-flop |  64   |  Y  | N  | Y  | N  | N  | N  | N  |
===============================================================================

Inferred memory devices in process
        in routine MRA line 493 in file
                '../01_RTL/MRA.v'.
===============================================================================
|    Register Name    |   Type    | Width | Bus | MB | AR | AS | SR | SS | ST |
===============================================================================
|   loc_y_save_reg    | Flip-flop |  192  |  Y  | N  | Y  | N  | N  | N  | N  |
|   loc_x_save_reg    | Flip-flop |  192  |  Y  | N  | Y  | N  | N  | N  | N  |
===============================================================================

Inferred memory devices in process
        in routine MRA line 700 in file
                '../01_RTL/MRA.v'.
===============================================================================
|    Register Name    |   Type    | Width | Bus | MB | AR | AS | SR | SS | ST |
===============================================================================
|   in_flag_01_reg    | Flip-flop |   1   |  N  | N  | Y  | N  | N  | N  | N  |
===============================================================================

Inferred memory devices in process
        in routine MRA line 707 in file
                '../01_RTL/MRA.v'.
===============================================================================
|    Register Name    |   Type    | Width | Bus | MB | AR | AS | SR | SS | ST |
===============================================================================
| two_cycle_flag_reg  | Flip-flop |   1   |  N  | N  | Y  | N  | N  | N  | N  |
===============================================================================

Inferred memory devices in process
        in routine MRA line 749 in file
                '../01_RTL/MRA.v'.
===============================================================================
|    Register Name    |   Type    | Width | Bus | MB | AR | AS | SR | SS | ST |
===============================================================================
| location_finish_reg | Flip-flop |   1   |  N  | N  | Y  | N  | N  | N  | N  |
===============================================================================

Inferred memory devices in process
        in routine MRA line 928 in file
                '../01_RTL/MRA.v'.
===============================================================================
|    Register Name    |   Type    | Width | Bus | MB | AR | AS | SR | SS | ST |
===============================================================================
|    path_map_reg     | Flip-flop | 8192  |  Y  | N  | N  | N  | N  | N  | N  |
===============================================================================

Inferred memory devices in process
        in routine MRA line 1088 in file
                '../01_RTL/MRA.v'.
===============================================================================
|    Register Name    |   Type    | Width | Bus | MB | AR | AS | SR | SS | ST |
===============================================================================
|    retrace_x_reg    | Flip-flop |   6   |  Y  | N  | Y  | N  | N  | N  | N  |
===============================================================================

Inferred memory devices in process
        in routine MRA line 1105 in file
                '../01_RTL/MRA.v'.
===============================================================================
|    Register Name    |   Type    | Width | Bus | MB | AR | AS | SR | SS | ST |
===============================================================================
|    retrace_y_reg    | Flip-flop |   6   |  Y  | N  | Y  | N  | N  | N  | N  |
===============================================================================

Inferred memory devices in process
        in routine MRA line 1131 in file
                '../01_RTL/MRA.v'.
===============================================================================
|    Register Name    |   Type    | Width | Bus | MB | AR | AS | SR | SS | ST |
===============================================================================
|    total_net_reg    | Flip-flop |   4   |  Y  | N  | Y  | N  | N  | N  | N  |
===============================================================================

Inferred memory devices in process
        in routine MRA line 1187 in file
                '../01_RTL/MRA.v'.
===============================================================================
|    Register Name    |   Type    | Width | Bus | MB | AR | AS | SR | SS | ST |
===============================================================================
|      busy_reg       | Flip-flop |   1   |  N  | N  | Y  | N  | N  | N  | N  |
===============================================================================

Inferred memory devices in process
        in routine MRA line 1201 in file
                '../01_RTL/MRA.v'.
===============================================================================
|    Register Name    |   Type    | Width | Bus | MB | AR | AS | SR | SS | ST |
===============================================================================
|      cost_reg       | Flip-flop |  14   |  Y  | N  | Y  | N  | N  | N  | N  |
===============================================================================
Statistics for MUX_OPs
======================================================
| block name/line  | Inputs | Outputs | # sel inputs |
======================================================
|     MRA/257      |   64   |   128   |      6       |
|     MRA/257      |   64   |    2    |      6       |
|     MRA/1095     |   64   |   128   |      6       |
|     MRA/1095     |   64   |    8    |      6       |
|     MRA/1096     |   64   |   128   |      6       |
|     MRA/1097     |   64   |   128   |      6       |
|     MRA/1097     |   64   |    2    |      6       |
|     MRA/1098     |   64   |    2    |      6       |
|     MRA/1112     |   64   |   128   |      6       |
|     MRA/1113     |   64   |   128   |      6       |
======================================================
Presto compilation completed successfully. (MRA)
Elaborated 1 design.
Current design is now 'MRA'.
1
# (B-2) read_sverilog
#read_sverilog $DESIGN\.v
# (B-3) set current design
current_design $DESIGN
Current design is 'MRA'.
{MRA}
link

  Linking design 'MRA'
  Using the following designs and libraries:
  --------------------------------------------------------------------------
  MRA                         /RAID2/COURSE/iclab/iclab127/Midterm_Project/02_SYN/MRA.db
  fsa0m_a_generic_core_ss1p62v125c (library) /RAID2/COURSE/BackUp/2023_Spring/iclab/iclabta01/UMC018_CBDK/CIC/SynopsysDC/db/fsa0m_a_generic_core_ss1p62v125c.db
  SRAM_128_128_1_WC (library) /RAID2/COURSE/iclab/iclab127/Midterm_Project/04_MEM/SRAM_128_128_1_WC.db
  SRAM_128x128_WC (library)   /RAID2/COURSE/iclab/iclab127/Midterm_Project/04_MEM/SRAM_128x128_WC.db
  dw_foundation.sldb (library) /usr/cad/synopsys/synthesis/cur/libraries/syn/dw_foundation.sldb

1
#======================================================
#  (C) Global Setting
#======================================================
#set_wire_load_mode top
#set_operating_conditions -max WCCOM -min BCCOM
# set_wire_load_model -name umc18_wl10 -library slow
#======================================================
#  (D) Set Design Constraints
#======================================================
# (D-1) Setting Clock Constraints
create_clock -name clk -period $CYCLE [get_ports clk]
1
set_dont_touch_network             [get_clocks clk]
1
set_fix_hold                       [get_clocks clk]
1
set_clock_uncertainty       0.1    [get_clocks clk]
1
# set_clock_latency   -source 0      [get_clocks clk]
# set_clock_latency           1      [get_clocks clk]
set_input_transition        0.5    [all_inputs]
1
set_clock_transition        0.1    [all_clocks]
1
# (D-2) Setting in/out Constraints
set_input_delay   -max  $INPUT_DLY  -clock clk   [all_inputs] ;  # set_up time check
1
set_input_delay   -min  0           -clock clk   [all_inputs] ;  # hold   time check
1
set_output_delay  -max  $OUTPUT_DLY -clock clk   [all_outputs] ; # set_up time check
1
set_output_delay  -min  0           -clock clk   [all_outputs] ; # hold   time check
1
set_input_delay 0 -clock clk clk
1
set_input_delay 0 -clock clk rst_n
1
#set_max_delay $CYCLE -from [all_inputs] -to [all_outputs]
# (D-3) Setting Design Environment
# set_driving_cell -library umc18io3v5v_slow -lib_cell P2C    -pin {Y}  [get_ports clk]
# set_driving_cell -library umc18io3v5v_slow -lib_cell P2C    -pin {Y}  [remove_from_collection [all_inputs] [get_ports clk]]
# set_load  [load_of "umc18io3v5v_slow/P8C/A"]       [all_outputs] ; # ~= 0.038
set_load 0.05 [all_outputs]
1
# (D-4) Setting DRC Constraint
#set_max_delay           0     ; # Optimize delay max effort
#set_max_area            0      ; # Optimize area max effort
set_max_transition      3       [all_inputs]   ; # U18 LUT Max Transition Value
1
set_max_capacitance     0.15    [all_inputs]   ; # U18 LUT Max Capacitance Value
1
set_max_fanout          10      [all_inputs]
1
# set_dont_use slow/JKFF*
#set_dont_touch [get_cells core_reg_macro]
#set hdlin_ff_always_sync_set_reset true
# (D-5) Report Clock skew
report_clock -skew clk
Information: Checking out the license 'DesignWare'. (SEC-104)
Information: Changed wire load model for 'DW01_sub_width6' from '(none)' to 'G5K'. (OPT-170)
Information: Changed wire load model for '*SUB_UNS_OP_6_1_6' from '(none)' to 'G5K'. (OPT-170)
Information: Changed wire load model for 'DW01_dec_width6' from '(none)' to 'G5K'. (OPT-170)
Information: Changed wire load model for '*SUB_UNS_OP_6_1_6' from '(none)' to 'G5K'. (OPT-170)
Information: Changed wire load model for 'DW01_inc_width6' from '(none)' to 'G5K'. (OPT-170)
Information: Changed wire load model for '*ADD_UNS_OP_6_1_6' from '(none)' to 'G5K'. (OPT-170)
Information: Changed wire load model for 'DW01_inc_width6' from '(none)' to 'G5K'. (OPT-170)
Information: Changed wire load model for '*ADD_UNS_OP_6_1_6' from '(none)' to 'G5K'. (OPT-170)
Information: Changed wire load model for 'DW01_dec_width6' from '(none)' to 'G5K'. (OPT-170)
Information: Changed wire load model for '*SUB_UNS_OP_6_1_6' from '(none)' to 'G5K'. (OPT-170)
Information: Changed wire load model for 'DW01_dec_width6' from '(none)' to 'G5K'. (OPT-170)
Information: Changed wire load model for '*SUB_UNS_OP_6_1_6' from '(none)' to 'G5K'. (OPT-170)
Information: Changed wire load model for 'DW01_dec_width6' from '(none)' to 'G5K'. (OPT-170)
Information: Changed wire load model for '*SUB_UNS_OP_6_1_6' from '(none)' to 'G5K'. (OPT-170)
Information: Changed wire load model for 'DW01_inc_width6' from '(none)' to 'G5K'. (OPT-170)
Information: Changed wire load model for '*ADD_UNS_OP_6_1_6' from '(none)' to 'G5K'. (OPT-170)
Information: Changed wire load model for 'DW01_inc_width2' from '(none)' to 'G5K'. (OPT-170)
Information: Changed wire load model for '*ADD_UNS_OP_2_1_2' from '(none)' to 'G5K'. (OPT-170)
Information: Changed wire load model for 'DW01_add_width7' from '(none)' to 'G5K'. (OPT-170)
Information: Changed wire load model for '*ADD_UNS_OP_7_1_7' from '(none)' to 'G5K'. (OPT-170)
Information: Changed wire load model for 'DW01_add_width7' from '(none)' to 'G5K'. (OPT-170)
Information: Changed wire load model for '*ADD_UNS_OP_7_1_7' from '(none)' to 'G5K'. (OPT-170)
Information: Changed wire load model for 'DW01_add_width14' from '(none)' to 'G5K'. (OPT-170)
Information: Changed wire load model for '*ADD_UNS_OP_14_4_14' from '(none)' to 'G5K'. (OPT-170)
Information: Changed wire load model for 'DW01_inc_width7' from '(none)' to 'G5K'. (OPT-170)
Information: Changed wire load model for '*ADD_UNS_OP_7_1_7' from '(none)' to 'G5K'. (OPT-170)
Information: Changed wire load model for 'DW01_sub_width2' from '(none)' to 'G5K'. (OPT-170)
Information: Changed wire load model for '*SUB_UNS_OP_2_2_2' from '(none)' to 'G5K'. (OPT-170)
Information: Changed wire load model for 'DW01_dec_width2' from '(none)' to 'G5K'. (OPT-170)
Information: Changed wire load model for '*SUB_UNS_OP_2_1_2' from '(none)' to 'G5K'. (OPT-170)
Information: Changed wire load model for 'DW01_inc_width5' from '(none)' to 'G5K'. (OPT-170)
Information: Changed wire load model for '*ADD_UNS_OP_5_1_5' from '(none)' to 'G5K'. (OPT-170)
Information: Changed wire load model for 'DW01_dec_width4' from '(none)' to 'G5K'. (OPT-170)
Information: Changed wire load model for '*SUB_UNS_OP_4_1_4' from '(none)' to 'G5K'. (OPT-170)
Information: Changed wire load model for 'DW01_inc_width6' from '(none)' to 'G5K'. (OPT-170)
Information: Changed wire load model for '*ADD_UNS_OP_6_1_6' from '(none)' to 'G5K'. (OPT-170)
Information: Changed wire load model for 'DW01_inc_width6' from '(none)' to 'G5K'. (OPT-170)
Information: Changed wire load model for '*ADD_UNS_OP_6_1_6' from '(none)' to 'G5K'. (OPT-170)
Information: Changed wire load model for 'DW01_inc_width4' from '(none)' to 'G5K'. (OPT-170)
Information: Changed wire load model for '*ADD_UNS_OP_4_1_4' from '(none)' to 'G5K'. (OPT-170)
Information: Changed wire load model for 'DW01_inc_width7' from '(none)' to 'G5K'. (OPT-170)
Information: Changed wire load model for '*ADD_UNS_OP_7_1_7' from '(none)' to 'G5K'. (OPT-170)
Information: Changed wire load model for 'DW01_cmp6_width6' from '(none)' to 'G5K'. (OPT-170)
Information: Changed wire load model for '*EQ_UNS_OP_6_6_1' from '(none)' to 'G5K'. (OPT-170)
Information: Changed wire load model for 'DW01_cmp6_width6' from '(none)' to 'G5K'. (OPT-170)
Information: Changed wire load model for '*EQ_UNS_OP_6_6_1' from '(none)' to 'G5K'. (OPT-170)
Information: Updating design information... (UID-85)
Warning: Design 'MRA' contains 76 high-fanout nets. A fanout number of 1000 will be used for delay calculations involving these nets. (TIM-134)

****************************************
Report : clock_skew
Design : MRA
Version: T-2022.03
Date   : Tue Nov 14 18:24:53 2023
****************************************

                 Rise      Fall  Min Rise  Min fall        Uncertainty
Object          Delay     Delay     Delay     Delay     Plus      Minus
--------------------------------------------------------------------------------
clk                 -         -         -         -      0.10      0.10

                 Max Transition      Min Transition
Object           Rise      Fall      Rise      Fall
-------------------------------------------------------
clk              0.10      0.10      0.10      0.10
1
check_timing

Information: Checking generated_clocks...

Information: Checking loops...

Information: Checking no_input_delay...

Information: Checking unconstrained_endpoints...

Information: Checking pulse_clock_cell_type...

Information: Checking no_driving_cell...

Information: Checking partial_input_delay...
1
#======================================================
#  (E) Optimization
#======================================================
check_design > Report/$DESIGN\.check
set_fix_multiple_port_nets -all -buffer_constants [get_designs *]
1
set_fix_hold [all_clocks]
1
compile_ultra
Information: Performing power optimization. (PWR-850)
Alib files are up-to-date.
Information: Running optimization using a maximum of 8 cores. (OPT-1500)
Information: Evaluating DesignWare library utilization. (UISN-27)

============================================================================
| DesignWare Building Block Library  |         Version         | Available |
============================================================================
| Basic DW Building Blocks           | S-2021.06-DWBB_202106.0 |     *     |
| Licensed DW Building Blocks        | S-2021.06-DWBB_202106.0 |     *     |
============================================================================

====================================================================================================
| Flow Information                                                                                 |
----------------------------------------------------------------------------------------------------
| Flow         | Design Compiler NXT WLM                                                           |
| Comand line  | compile_ultra                                                                     |
====================================================================================================
| Design Information                                      | Value                                  |
====================================================================================================
| Number of Scenarios                                     | 0                                      |
| Leaf Cell Count                                         | 260710                                 |
| Number of User Hierarchies                              | 0                                      |
| Sequential Cell Count                                   | 8704                                   |
| Macro Count                                             | 0                                      |
| Number of Power Domains                                 | 0                                      |
| Number of Path Groups                                   | 2                                      |
| Number of VT class                                      | 0                                      |
| Number of Clocks                                        | 1                                      |
| Number of Dont Touch cells                              | 58861                                  |
| Number of Dont Touch nets                               | 1                                      |
| Number of size only cells                               | 0                                      |
| Design with UPF Data                                    | false                                  |
----------------------------------------------------------------------------------------------------
| Variables                                               | Value                                  |
----------------------------------------------------------------------------------------------------
| set_fix_multiple_port_nets                              | -all -buffer_constants                 |
====================================================================================================
Information: Sequential output inversion is enabled.  SVF file must be used for formal verification. (OPT-1208)

Information: There are 453 potential problems in your design. Please run 'check_design' for more information. (LINT-99)

  Simplifying Design 'MRA'

  Loading target library 'SRAM_128_128_1_WC'
  Loading target library 'SRAM_128x128_WC'
Loaded alib file './alib-52/fsa0m_a_generic_core_ss1p62v125c.db.alib'
Loaded alib file './alib-52/SRAM_128_128_1_WC.db.alib' (placeholder)
Loaded alib file './alib-52/SRAM_128x128_WC.db.alib' (placeholder)
  Building model 'DW01_NAND2'
Information: Ungrouping 0 of 1 hierarchies before Pass 1 (OPT-775)
Information: State dependent leakage is now switched from on to off.

  Beginning Pass 1 Mapping
  ------------------------
  Processing 'MRA'
Information: Added key list 'DesignWare' to design 'MRA'. (DDB-72)
 Implement Synthetic for 'MRA'.

  Updating timing information
Information: Updating design information... (UID-85)
Information: The library cell 'TIE1' in the library 'fsa0m_a_generic_core_ss1p62v125c' is not characterized for internal power. (PWR-536)
Information: The library cell 'TIE0' in the library 'fsa0m_a_generic_core_ss1p62v125c' is not characterized for internal power. (PWR-536)
Information: The library cell 'BHD1' in the library 'fsa0m_a_generic_core_ss1p62v125c' is not characterized for internal power. (PWR-536)
Information: The target library(s) contains cell(s), other than black boxes, that are not characterized for internal power. (PWR-24)

                                  TOTAL
   ELAPSED            WORST NEG   SETUP    DESIGN                              LEAKAGE   MIN DELAY
    TIME      AREA      SLACK     COST    RULE COST         ENDPOINT            POWER      COST
  --------- --------- --------- --------- --------- ------------------------- --------- -----------
    0:12:00 3138467.3 5885189.00 28506327040.0 449601523.4                           192941984.0000      0.00
    0:12:00 3138467.3 5885189.00 28506327040.0 449601523.4                           192941984.0000      0.00

  Beginning Mapping Optimizations  (Ultra High effort)
  -------------------------------
  Mapping Optimization (Phase 1)
Warning: In design MRA, there are sequential cells not driving any load. (OPT-109)
Information: Use the 'check_design' command for
         more information about warnings. (LINT-98)

                                  TOTAL
   ELAPSED            WORST NEG   SETUP    DESIGN                              LEAKAGE   MIN DELAY
    TIME      AREA      SLACK     COST    RULE COST         ENDPOINT            POWER      COST
  --------- --------- --------- --------- --------- ------------------------- --------- -----------
    0:15:55 4307286.2      1.25      10.2   12957.1                           325126432.0000      0.00
    0:16:03 4138175.2      5.01      66.1   17393.4                           316172512.0000      0.00

  Beginning Constant Register Removal
  -----------------------------------
    0:16:10 4063323.7      5.01      66.0   16509.0                           311183648.0000      0.00
    0:16:15 4009714.6      5.01      65.2   16359.9                           308458176.0000      0.00

  Beginning Global Optimizations
  ------------------------------
  Numerical Synthesis (Phase 1)
  Numerical Synthesis (Phase 2)
  Global Optimization (Phase 1)
  Global Optimization (Phase 2)
  Global Optimization (Phase 3)
  Global Optimization (Phase 4)
  Global Optimization (Phase 5)
  Global Optimization (Phase 6)
  Global Optimization (Phase 7)
  Global Optimization (Phase 8)
  Global Optimization (Phase 9)
  Global Optimization (Phase 10)
  Global Optimization (Phase 11)
  Global Optimization (Phase 12)
  Global Optimization (Phase 13)
  Global Optimization (Phase 14)
  Global Optimization (Phase 15)
  Global Optimization (Phase 16)
  Global Optimization (Phase 17)
  Global Optimization (Phase 18)
  Global Optimization (Phase 19)
  Global Optimization (Phase 20)
  Global Optimization (Phase 21)
  Global Optimization (Phase 22)
  Global Optimization (Phase 23)
  Global Optimization (Phase 24)
  Global Optimization (Phase 25)
  Global Optimization (Phase 26)
  Global Optimization (Phase 27)
  Global Optimization (Phase 28)
  Global Optimization (Phase 29)
  Global Optimization (Phase 30)
  Global Optimization (Phase 31)
  Global Optimization (Phase 32)
  Global Optimization (Phase 33)
  Global Optimization (Phase 34)

  Beginning Isolate Ports
  -----------------------

  Beginning Delay Optimization
  ----------------------------
    0:17:19 3106316.2      4.51     129.5    1252.5                           199268160.0000      0.00
    0:17:23 3111825.3      0.00       0.0    1605.4                           199633008.0000      0.00
    0:17:23 3111825.3      0.00       0.0    1605.4                           199633008.0000      0.00
    0:17:27 3101419.7      0.00       0.0    1605.3                           200125472.0000      0.00
    0:17:47 3101341.5      0.00       0.0    1605.3                           200123728.0000      0.00
    0:17:54 3101022.8      0.10       0.1    1552.1                           200105136.0000      0.00

  Beginning WLM Backend Optimization
  --------------------------------------
    0:18:21 3098723.0      0.10       0.1    1541.7                           199909456.0000      0.00
    0:18:26 3095204.4      0.10       0.1    1517.9                           199626944.0000      0.00
    0:18:32 3090867.2      0.10       0.1    1487.1                           199135824.0000      0.00
    0:18:37 3076583.8      0.10       0.1    1416.1                           197910640.0000      0.00
    0:18:55 3042254.7      0.08       0.4    1262.9                           194162752.0000      0.00
    0:19:01 3036698.8      0.08       0.4    1259.2                           193560096.0000      0.00
    0:19:01 3036648.8      0.08       0.4    1259.2                           193556176.0000      0.00
    0:19:02 3036202.0      0.01       0.0    1757.9                           193526432.0000      0.00
    0:19:02 3036202.0      0.01       0.0    1757.9                           193526432.0000      0.00
    0:19:11 3025977.6      0.00       0.0    1643.7                           191564112.0000      0.00
    0:19:11 3025977.6      0.00       0.0    1643.7                           191564112.0000      0.00
    0:19:11 3025977.6      0.00       0.0    1643.7                           191564112.0000      0.00
    0:19:11 3025977.6      0.00       0.0    1643.7                           191564112.0000      0.00
    0:19:11 3025977.6      0.00       0.0    1643.7                           191564112.0000      0.00
    0:19:11 3025977.6      0.00       0.0    1643.7                           191564112.0000      0.00
    0:19:11 3025977.6      0.00       0.0    1643.7                           191564112.0000      0.00
    0:19:11 3025977.6      0.00       0.0    1643.7                           191564112.0000      0.00
    0:19:11 3025977.6      0.00       0.0    1643.7                           191564112.0000      0.00
    0:19:11 3025977.6      0.00       0.0    1643.7                           191564112.0000      0.00
    0:19:11 3025977.6      0.00       0.0    1643.7                           191564112.0000      0.00
    0:19:11 3025977.6      0.00       0.0    1643.7                           191564112.0000      0.00
    0:19:11 3025977.6      0.00       0.0    1643.7                           191564112.0000      0.00
    0:19:11 3025977.6      0.00       0.0    1643.7                           191564112.0000      0.00
    0:19:11 3025977.6      0.00       0.0    1643.7                           191564112.0000      0.00
    0:19:11 3025977.6      0.00       0.0    1643.7                           191564112.0000      0.00
    0:19:11 3025977.6      0.00       0.0    1643.7                           191564112.0000      0.00
    0:19:11 3025977.6      0.00       0.0    1643.7                           191564112.0000      0.00
    0:19:11 3025977.6      0.00       0.0    1643.7                           191564112.0000      0.00


  Beginning Design Rule Fixing  (max_transition)  (max_fanout)  (max_capacitance)
  ----------------------------

                                  TOTAL
   ELAPSED            WORST NEG   SETUP    DESIGN                              LEAKAGE   MIN DELAY
    TIME      AREA      SLACK     COST    RULE COST         ENDPOINT            POWER      COST
  --------- --------- --------- --------- --------- ------------------------- --------- -----------
    0:19:11 3025977.6      0.00       0.0    1643.7                           191564112.0000      0.00
  Global Optimization (Phase 35)
  Global Optimization (Phase 36)
  Global Optimization (Phase 37)
    0:19:14 3025740.1      0.00       0.0       0.0                           191558624.0000      0.00
    0:19:14 3025740.1      0.00       0.0       0.0                           191558624.0000      0.00


  Beginning Leakage Power Optimization  (max_leakage_power 0)
  ------------------------------------

                                  TOTAL
   ELAPSED            WORST NEG   SETUP    DESIGN                              LEAKAGE   MIN DELAY
    TIME      AREA      SLACK     COST    RULE COST         ENDPOINT            POWER      COST
  --------- --------- --------- --------- --------- ------------------------- --------- -----------
    0:19:14 3025740.1      0.00       0.0       0.0                           191558624.0000      0.00
  Global Optimization (Phase 38)
  Global Optimization (Phase 39)
  Global Optimization (Phase 40)
  Global Optimization (Phase 41)
  Global Optimization (Phase 42)
  Global Optimization (Phase 43)
  Global Optimization (Phase 44)
  Global Optimization (Phase 45)
  Global Optimization (Phase 46)
  Global Optimization (Phase 47)
  Global Optimization (Phase 48)
  Global Optimization (Phase 49)
  Global Optimization (Phase 50)
  Global Optimization (Phase 51)
  Global Optimization (Phase 52)
  Global Optimization (Phase 53)
    0:20:15 3019737.4      0.00       0.0     618.5                           191621376.0000      0.00
    0:20:15 3019737.4      0.00       0.0     618.5                           191621376.0000      0.00
    0:20:15 3019737.4      0.00       0.0     618.5                           191621376.0000      0.00
    0:20:24 3004929.0      0.00       0.0     618.5                           189788368.0000      0.00
    0:20:24 3004929.0      0.00       0.0     618.5                           189788368.0000      0.00
    0:20:24 3004929.0      0.00       0.0     618.5                           189788368.0000      0.00
    0:20:24 3004929.0      0.00       0.0     618.5                           189788368.0000      0.00
    0:20:24 3004929.0      0.00       0.0     618.5                           189788368.0000      0.00
    0:20:24 3004929.0      0.00       0.0     618.5                           189788368.0000      0.00
    0:20:24 3004929.0      0.00       0.0     618.5                           189788368.0000      0.00
    0:20:24 3004929.0      0.00       0.0     618.5                           189788368.0000      0.00
    0:20:24 3004929.0      0.00       0.0     618.5                           189788368.0000      0.00
    0:20:24 3004929.0      0.00       0.0     618.5                           189788368.0000      0.00
    0:20:24 3004929.0      0.00       0.0     618.5                           189788368.0000      0.00
    0:20:24 3004929.0      0.00       0.0     618.5                           189788368.0000      0.00
    0:20:24 3004929.0      0.00       0.0     618.5                           189788368.0000      0.00
    0:20:24 3004929.0      0.00       0.0     618.5                           189788368.0000      0.00
    0:20:24 3004929.0      0.00       0.0     618.5                           189788368.0000      0.00
    0:20:24 3004929.0      0.00       0.0     618.5                           189788368.0000      0.00
    0:20:24 3004929.0      0.00       0.0     618.5                           189788368.0000      0.00
    0:20:24 3004929.0      0.00       0.0     618.5                           189788368.0000      0.00
    0:20:24 3004929.0      0.00       0.0     618.5                           189788368.0000      0.00

                                  TOTAL
   ELAPSED            WORST NEG   SETUP    DESIGN                              LEAKAGE   MIN DELAY
    TIME      AREA      SLACK     COST    RULE COST         ENDPOINT            POWER      COST
  --------- --------- --------- --------- --------- ------------------------- --------- -----------
    0:20:29 3005460.2      0.00       0.0     618.5                           189821328.0000      0.00
    0:20:43 2977074.5      0.00       0.0     618.5                           187116848.0000      0.00
    0:20:43 2977074.5      0.00       0.0     618.5                           187116848.0000      0.00
    0:20:43 2977074.5      0.00       0.0     618.5                           187116848.0000      0.00
    0:20:50 2976562.0      0.00       0.0     618.5                           187062112.0000      0.00
    0:20:59 2974677.8      0.00       0.0     618.5                           186876752.0000      0.00
    0:21:18 2968343.8      0.00       0.0     617.6                           186266528.0000      0.00
    0:21:23 2966647.0      0.00       0.0     617.6                           186144560.0000      0.00
    0:21:23 2966647.0      0.00       0.0     617.6                           186144560.0000      0.00
    0:21:23 2966647.0      0.00       0.0     617.6                           186144560.0000      0.00
    0:21:23 2966647.0      0.00       0.0     617.6                           186144560.0000      0.00
    0:21:23 2966647.0      0.00       0.0     617.6                           186144560.0000      0.00
    0:21:23 2966647.0      0.00       0.0     617.6                           186144560.0000      0.00
    0:21:31 2963366.0      0.00       0.0     617.3                           185972096.0000      0.00
Loading db file '/RAID2/COURSE/BackUp/2023_Spring/iclab/iclabta01/UMC018_CBDK/CIC/SynopsysDC/db/fsa0m_a_generic_core_ss1p62v125c.db'
Loading db file '/RAID2/COURSE/iclab/iclab127/Midterm_Project/04_MEM/SRAM_128_128_1_WC.db'
Loading db file '/RAID2/COURSE/iclab/iclab127/Midterm_Project/04_MEM/SRAM_128x128_WC.db'


Note: Symbol # after min delay cost means estimated hold TNS across all active scenarios


  Optimization Complete
  ---------------------
Warning: Design 'MRA' contains 1 high-fanout nets. A fanout number of 1000 will be used for delay calculations involving these nets. (TIM-134)
     Net 'clk': 8704 load(s), 1 driver(s)
  Loading target library 'SRAM_128_128_1_WC'
  Loading target library 'SRAM_128x128_WC'
Information: State dependent leakage is now switched from off to on.
Information: Propagating switching activity (low effort zero delay simulation). (PWR-6)
Warning: Design has unannotated black box outputs. (PWR-428)
1
#uniquify
#compile
#======================================================
#  (F) Output Reports
#======================================================
report_design  >  Report/$DESIGN\.design
report_resource >  Report/$DESIGN\.resource
report_timing -max_paths 3 >  Report/$DESIGN\.timing
report_area >  Report/$DESIGN\.area
report_power > Report/$DESIGN\.power
report_clock > Report/$DESIGN\.clock
report_port >  Report/$DESIGN\.port
report_power >  Report/$DESIGN\.power
#report_reference > Report/$DESIGN\.reference
#======================================================
#  (G) Change Naming Rule
#======================================================
set bus_inference_style "%s\[%d\]"
%s[%d]
set bus_naming_style "%s\[%d\]"
%s[%d]
set hdlout_internal_busses true
true
change_names -hierarchy -rule verilog
1
define_name_rules name_rule -allowed "a-z A-Z 0-9 _" -max_length 255 -type cell
1
define_name_rules name_rule -allowed "a-z A-Z 0-9 _[]" -max_length 255 -type net
1
define_name_rules name_rule -map {{"\\*cell\\*" "cell"}}
1
define_name_rules name_rule -case_insensitive
1
change_names -hierarchy -rules name_rule
1
#======================================================
#  (H) Output Results
#======================================================
set verilogout_higher_designs_first true
true
write -format verilog -output Netlist/$DESIGN\_SYN.v -hierarchy
Writing verilog file '/RAID2/COURSE/iclab/iclab127/Midterm_Project/02_SYN/Netlist/MRA_SYN.v'.
1
write -format ddc     -hierarchy -output $DESIGN\_SYN.ddc
Writing ddc file 'MRA_SYN.ddc'.
1
write_sdf -version 3.0 -context verilog -load_delay cell Netlist/$DESIGN\_SYN.sdf -significant_digits 6
Information: Writing timing information to file '/RAID2/COURSE/iclab/iclab127/Midterm_Project/02_SYN/Netlist/MRA_SYN.sdf'. (WT-3)
1
write_sdc Netlist/$DESIGN\_SYN.sdc
1
#======================================================
#  (I) Finish and Quit
#======================================================
report_area

****************************************
Report : area
Design : MRA
Version: T-2022.03
Date   : Tue Nov 14 18:46:53 2023
****************************************

Library(s) Used:

    fsa0m_a_generic_core_ss1p62v125c (File: /RAID2/COURSE/BackUp/2023_Spring/iclab/iclabta01/UMC018_CBDK/CIC/SynopsysDC/db/fsa0m_a_generic_core_ss1p62v125c.db)
    SRAM_128_128_1_WC (File: /RAID2/COURSE/iclab/iclab127/Midterm_Project/04_MEM/SRAM_128_128_1_WC.db)

Number of ports:                          417
Number of nets:                        109747
Number of cells:                       106954
Number of combinational cells:          98250
Number of sequential cells:              8701
Number of macros/black boxes:               3
Number of buf/inv:                       5963
Number of references:                     116

Combinational area:            1486139.270246
Buf/Inv area:                    46022.054024
Noncombinational area:          472900.986519
Macro/Black Box area:          1004325.750000
Net Interconnect area:      undefined  (Wire load has zero net area)

Total cell area:               2963366.006764
Total area:                 undefined
1
report_timing

****************************************
Report : timing
        -path full
        -delay max
        -max_paths 1
Design : MRA
Version: T-2022.03
Date   : Tue Nov 14 18:46:53 2023
****************************************

 # A fanout number of 1000 was used for high fanout net computations.

Operating Conditions: WCCOM   Library: fsa0m_a_generic_core_ss1p62v125c
Wire Load Model Mode: enclosed

  Startpoint: loc_y_save_reg_1__0__2_
              (rising edge-triggered flip-flop clocked by clk)
  Endpoint: l_state_reg_0_
            (rising edge-triggered flip-flop clocked by clk)
  Path Group: clk
  Path Type: max

  Des/Clust/Port     Wire Load Model       Library
  ------------------------------------------------
  MRA                enG500K               fsa0m_a_generic_core_ss1p62v125c

  Point                                                   Incr       Path
  --------------------------------------------------------------------------
  clock clk (rise edge)                                   0.00       0.00
  clock network delay (ideal)                             0.00       0.00
  loc_y_save_reg_1__0__2_/CK (QDFFRBN)                    0.00 #     0.00 r
  loc_y_save_reg_1__0__2_/Q (QDFFRBN)                     1.32       1.32 r
  U78044/O (INV6)                                         0.20       1.51 f
  U97775/O (ND3)                                          1.20       2.71 r
  U101315/O (NR2T)                                        1.15       3.86 f
  U77563/O (BUF3)                                         0.93       4.79 f
  U102649/O (AOI22S)                                      0.66       5.45 r
  U102655/O (AN3)                                         0.52       5.97 r
  U76167/O (ND3S)                                         0.55       6.52 f
  U102656/O (NR2)                                         0.77       7.28 r
  U102659/O (ND3)                                         0.50       7.78 f
  U102660/O (NR2)                                         0.67       8.46 r
  U98562/O (ND3S)                                         0.68       9.14 f
  U102663/O (NR2)                                         0.75       9.89 r
  U98660/O (ND3S)                                         0.70      10.59 f
  U102666/O (AOI22S)                                      0.77      11.36 r
  U102667/O (AN2)                                         0.44      11.80 r
  U102668/O (ND3)                                         0.37      12.17 f
  U75897/O (MOAI1)                                        0.55      12.72 f
  U102669/O (NR2P)                                        0.41      13.14 r
  U78164/O (MOAI1H)                                       0.28      13.42 f
  U106642/O (NR2F)                                        0.32      13.74 r
  U97777/O (OR2P)                                         0.34      14.08 r
  U151097/O (MAOI1HP)                                     0.14      14.22 f
  U151103/O (ND3)                                         0.46      14.67 r
  l_state_reg_0_/D (QDFFRBS)                              0.00      14.67 r
  data arrival time                                                 14.67

  clock clk (rise edge)                                  15.00      15.00
  clock network delay (ideal)                             0.00      15.00
  clock uncertainty                                      -0.10      14.90
  l_state_reg_0_/CK (QDFFRBS)                             0.00      14.90 r
  library setup time                                     -0.22      14.68
  data required time                                                14.68
  --------------------------------------------------------------------------
  data required time                                                14.68
  data arrival time                                                -14.67
  --------------------------------------------------------------------------
  slack (MET)                                                        0.00


1
exit

Memory usage for this session 1554 Mbytes.
Memory usage for this session including child processes 3331 Mbytes.
CPU usage for this session 2022 seconds ( 0.56 hours ).
Elapsed time for this session 1365 seconds ( 0.38 hours ).

Thank you...
